[  2%] Built target perception_msgs__cpp
[ 12%] Built target perception_msgs__rosidl_generator_c
[ 12%] Built target ament_cmake_python_copy_perception_msgs
[ 23%] Built target perception_msgs__rosidl_typesupport_cpp
[ 34%] Built target perception_msgs__rosidl_typesupport_fastrtps_cpp
[ 44%] Built target perception_msgs__rosidl_typesupport_introspection_c
[ 55%] Built target perception_msgs__rosidl_typesupport_c
[ 65%] Built target perception_msgs__rosidl_typesupport_introspection_cpp
[ 76%] Built target perception_msgs__rosidl_typesupport_fastrtps_c
[ 76%] Built target perception_msgs
[ 78%] Built target perception_msgs__py
[ 87%] Built target perception_msgs__rosidl_generator_py
[ 91%] Built target perception_msgs__rosidl_typesupport_c__pyext
[ 95%] Built target perception_msgs__rosidl_typesupport_introspection_c__pyext
[100%] Built target perception_msgs__rosidl_typesupport_fastrtps_c__pyext
running egg_info
writing perception_msgs.egg-info/PKG-INFO
writing dependency_links to perception_msgs.egg-info/dependency_links.txt
writing top-level names to perception_msgs.egg-info/top_level.txt
reading manifest file 'perception_msgs.egg-info/SOURCES.txt'
writing manifest file 'perception_msgs.egg-info/SOURCES.txt'
[100%] Built target ament_cmake_python_build_perception_msgs_egg
-- Install configuration: ""
-- Up-to-date: /home/abhiyaan-cu/Driverless_EV_Project/install/perception_msgs/share/ament_index/resource_index/rosidl_interfaces/perception_msgs
-- Up-to-date: /home/abhiyaan-cu/Driverless_EV_Project/install/perception_msgs/include/perception_msgs/perception_msgs
-- Up-to-date: /home/abhiyaan-cu/Driverless_EV_Project/install/perception_msgs/include/perception_msgs/perception_msgs/msg
-- Up-to-date: /home/abhiyaan-cu/Driverless_EV_Project/install/perception_msgs/include/perception_msgs/perception_msgs/msg/object_detections.h
-- Up-to-date: /home/abhiyaan-cu/Driverless_EV_Project/install/perception_msgs/include/perception_msgs/perception_msgs/msg/object_detection.h
-- Up-to-date: /home/abhiyaan-cu/Driverless_EV_Project/install/perception_msgs/include/perception_msgs/perception_msgs/msg/bounding_box.h
-- Up-to-date: /home/abhiyaan-cu/Driverless_EV_Project/install/perception_msgs/include/perception_msgs/perception_msgs/msg/rosidl_generator_c__visibility_control.h
-- Up-to-date: /home/abhiyaan-cu/Driverless_EV_Project/install/perception_msgs/include/perception_msgs/perception_msgs/msg/detail
-- Up-to-date: /home/abhiyaan-cu/Driverless_EV_Project/install/perception_msgs/include/perception_msgs/perception_msgs/msg/detail/bounding_box__functions.c
-- Up-to-date: /home/abhiyaan-cu/Driverless_EV_Project/install/perception_msgs/include/perception_msgs/perception_msgs/msg/detail/object_detections__struct.h
-- Up-to-date: /home/abhiyaan-cu/Driverless_EV_Project/install/perception_msgs/include/perception_msgs/perception_msgs/msg/detail/object_detection__struct.h
-- Up-to-date: /home/abhiyaan-cu/Driverless_EV_Project/install/perception_msgs/include/perception_msgs/perception_msgs/msg/detail/object_detection__functions.c
-- Up-to-date: /home/abhiyaan-cu/Driverless_EV_Project/install/perception_msgs/include/perception_msgs/perception_msgs/msg/detail/object_detection__functions.h
-- Up-to-date: /home/abhiyaan-cu/Driverless_EV_Project/install/perception_msgs/include/perception_msgs/perception_msgs/msg/detail/object_detections__type_support.h
-- Up-to-date: /home/abhiyaan-cu/Driverless_EV_Project/install/perception_msgs/include/perception_msgs/perception_msgs/msg/detail/object_detection__type_support.h
-- Up-to-date: /home/abhiyaan-cu/Driverless_EV_Project/install/perception_msgs/include/perception_msgs/perception_msgs/msg/detail/bounding_box__type_support.h
-- Up-to-date: /home/abhiyaan-cu/Driverless_EV_Project/install/perception_msgs/include/perception_msgs/perception_msgs/msg/detail/object_detections__functions.c
-- Up-to-date: /home/abhiyaan-cu/Driverless_EV_Project/install/perception_msgs/include/perception_msgs/perception_msgs/msg/detail/bounding_box__functions.h
-- Up-to-date: /home/abhiyaan-cu/Driverless_EV_Project/install/perception_msgs/include/perception_msgs/perception_msgs/msg/detail/bounding_box__struct.h
-- Up-to-date: /home/abhiyaan-cu/Driverless_EV_Project/install/perception_msgs/include/perception_msgs/perception_msgs/msg/detail/object_detections__functions.h
-- Up-to-date: /home/abhiyaan-cu/Driverless_EV_Project/install/perception_msgs/share/perception_msgs/environment/library_path.sh
-- Up-to-date: /home/abhiyaan-cu/Driverless_EV_Project/install/perception_msgs/share/perception_msgs/environment/library_path.dsv
-- Up-to-date: /home/abhiyaan-cu/Driverless_EV_Project/install/perception_msgs/lib/libperception_msgs__rosidl_generator_c.so
-- Up-to-date: /home/abhiyaan-cu/Driverless_EV_Project/install/perception_msgs/include/perception_msgs/perception_msgs
-- Up-to-date: /home/abhiyaan-cu/Driverless_EV_Project/install/perception_msgs/include/perception_msgs/perception_msgs/msg
-- Up-to-date: /home/abhiyaan-cu/Driverless_EV_Project/install/perception_msgs/include/perception_msgs/perception_msgs/msg/rosidl_typesupport_fastrtps_c__visibility_control.h
-- Up-to-date: /home/abhiyaan-cu/Driverless_EV_Project/install/perception_msgs/include/perception_msgs/perception_msgs/msg/detail
-- Up-to-date: /home/abhiyaan-cu/Driverless_EV_Project/install/perception_msgs/include/perception_msgs/perception_msgs/msg/detail/bounding_box__rosidl_typesupport_fastrtps_c.h
-- Up-to-date: /home/abhiyaan-cu/Driverless_EV_Project/install/perception_msgs/include/perception_msgs/perception_msgs/msg/detail/object_detection__rosidl_typesupport_fastrtps_c.h
-- Up-to-date: /home/abhiyaan-cu/Driverless_EV_Project/install/perception_msgs/include/perception_msgs/perception_msgs/msg/detail/object_detections__rosidl_typesupport_fastrtps_c.h
-- Up-to-date: /home/abhiyaan-cu/Driverless_EV_Project/install/perception_msgs/lib/libperception_msgs__rosidl_typesupport_fastrtps_c.so
-- Up-to-date: /home/abhiyaan-cu/Driverless_EV_Project/install/perception_msgs/include/perception_msgs/perception_msgs
-- Up-to-date: /home/abhiyaan-cu/Driverless_EV_Project/install/perception_msgs/include/perception_msgs/perception_msgs/msg
-- Up-to-date: /home/abhiyaan-cu/Driverless_EV_Project/install/perception_msgs/include/perception_msgs/perception_msgs/msg/object_detections.hpp
-- Up-to-date: /home/abhiyaan-cu/Driverless_EV_Project/install/perception_msgs/include/perception_msgs/perception_msgs/msg/rosidl_generator_cpp__visibility_control.hpp
-- Up-to-date: /home/abhiyaan-cu/Driverless_EV_Project/install/perception_msgs/include/perception_msgs/perception_msgs/msg/object_detection.hpp
-- Up-to-date: /home/abhiyaan-cu/Driverless_EV_Project/install/perception_msgs/include/perception_msgs/perception_msgs/msg/bounding_box.hpp
-- Up-to-date: /home/abhiyaan-cu/Driverless_EV_Project/install/perception_msgs/include/perception_msgs/perception_msgs/msg/detail
-- Up-to-date: /home/abhiyaan-cu/Driverless_EV_Project/install/perception_msgs/include/perception_msgs/perception_msgs/msg/detail/object_detections__traits.hpp
-- Up-to-date: /home/abhiyaan-cu/Driverless_EV_Project/install/perception_msgs/include/perception_msgs/perception_msgs/msg/detail/object_detections__builder.hpp
-- Up-to-date: /home/abhiyaan-cu/Driverless_EV_Project/install/perception_msgs/include/perception_msgs/perception_msgs/msg/detail/object_detections__type_support.hpp
-- Up-to-date: /home/abhiyaan-cu/Driverless_EV_Project/install/perception_msgs/include/perception_msgs/perception_msgs/msg/detail/bounding_box__type_support.hpp
-- Up-to-date: /home/abhiyaan-cu/Driverless_EV_Project/install/perception_msgs/include/perception_msgs/perception_msgs/msg/detail/bounding_box__builder.hpp
-- Up-to-date: /home/abhiyaan-cu/Driverless_EV_Project/install/perception_msgs/include/perception_msgs/perception_msgs/msg/detail/object_detection__type_support.hpp
-- Up-to-date: /home/abhiyaan-cu/Driverless_EV_Project/install/perception_msgs/include/perception_msgs/perception_msgs/msg/detail/bounding_box__struct.hpp
-- Up-to-date: /home/abhiyaan-cu/Driverless_EV_Project/install/perception_msgs/include/perception_msgs/perception_msgs/msg/detail/bounding_box__traits.hpp
-- Up-to-date: /home/abhiyaan-cu/Driverless_EV_Project/install/perception_msgs/include/perception_msgs/perception_msgs/msg/detail/object_detection__builder.hpp
-- Up-to-date: /home/abhiyaan-cu/Driverless_EV_Project/install/perception_msgs/include/perception_msgs/perception_msgs/msg/detail/object_detection__struct.hpp
-- Up-to-date: /home/abhiyaan-cu/Driverless_EV_Project/install/perception_msgs/include/perception_msgs/perception_msgs/msg/detail/object_detections__struct.hpp
-- Up-to-date: /home/abhiyaan-cu/Driverless_EV_Project/install/perception_msgs/include/perception_msgs/perception_msgs/msg/detail/object_detection__traits.hpp
-- Up-to-date: /home/abhiyaan-cu/Driverless_EV_Project/install/perception_msgs/include/perception_msgs/perception_msgs
-- Up-to-date: /home/abhiyaan-cu/Driverless_EV_Project/install/perception_msgs/include/perception_msgs/perception_msgs/msg
-- Up-to-date: /home/abhiyaan-cu/Driverless_EV_Project/install/perception_msgs/include/perception_msgs/perception_msgs/msg/rosidl_typesupport_fastrtps_cpp__visibility_control.h
-- Up-to-date: /home/abhiyaan-cu/Driverless_EV_Project/install/perception_msgs/include/perception_msgs/perception_msgs/msg/detail
-- Up-to-date: /home/abhiyaan-cu/Driverless_EV_Project/install/perception_msgs/include/perception_msgs/perception_msgs/msg/detail/object_detection__rosidl_typesupport_fastrtps_cpp.hpp
-- Up-to-date: /home/abhiyaan-cu/Driverless_EV_Project/install/perception_msgs/include/perception_msgs/perception_msgs/msg/detail/bounding_box__rosidl_typesupport_fastrtps_cpp.hpp
-- Up-to-date: /home/abhiyaan-cu/Driverless_EV_Project/install/perception_msgs/include/perception_msgs/perception_msgs/msg/detail/object_detections__rosidl_typesupport_fastrtps_cpp.hpp
-- Up-to-date: /home/abhiyaan-cu/Driverless_EV_Project/install/perception_msgs/include/perception_msgs/perception_msgs/msg/detail/dds_fastrtps
-- Up-to-date: /home/abhiyaan-cu/Driverless_EV_Project/install/perception_msgs/lib/libperception_msgs__rosidl_typesupport_fastrtps_cpp.so
-- Up-to-date: /home/abhiyaan-cu/Driverless_EV_Project/install/perception_msgs/include/perception_msgs/perception_msgs
-- Up-to-date: /home/abhiyaan-cu/Driverless_EV_Project/install/perception_msgs/include/perception_msgs/perception_msgs/msg
-- Up-to-date: /home/abhiyaan-cu/Driverless_EV_Project/install/perception_msgs/include/perception_msgs/perception_msgs/msg/rosidl_typesupport_introspection_c__visibility_control.h
-- Up-to-date: /home/abhiyaan-cu/Driverless_EV_Project/install/perception_msgs/include/perception_msgs/perception_msgs/msg/detail
-- Up-to-date: /home/abhiyaan-cu/Driverless_EV_Project/install/perception_msgs/include/perception_msgs/perception_msgs/msg/detail/object_detections__type_support.c
-- Up-to-date: /home/abhiyaan-cu/Driverless_EV_Project/install/perception_msgs/include/perception_msgs/perception_msgs/msg/detail/object_detections__rosidl_typesupport_introspection_c.h
-- Up-to-date: /home/abhiyaan-cu/Driverless_EV_Project/install/perception_msgs/include/perception_msgs/perception_msgs/msg/detail/object_detection__rosidl_typesupport_introspection_c.h
-- Up-to-date: /home/abhiyaan-cu/Driverless_EV_Project/install/perception_msgs/include/perception_msgs/perception_msgs/msg/detail/bounding_box__type_support.c
-- Up-to-date: /home/abhiyaan-cu/Driverless_EV_Project/install/perception_msgs/include/perception_msgs/perception_msgs/msg/detail/object_detection__type_support.c
-- Up-to-date: /home/abhiyaan-cu/Driverless_EV_Project/install/perception_msgs/include/perception_msgs/perception_msgs/msg/detail/bounding_box__rosidl_typesupport_introspection_c.h
-- Up-to-date: /home/abhiyaan-cu/Driverless_EV_Project/install/perception_msgs/lib/libperception_msgs__rosidl_typesupport_introspection_c.so
-- Up-to-date: /home/abhiyaan-cu/Driverless_EV_Project/install/perception_msgs/lib/libperception_msgs__rosidl_typesupport_c.so
-- Up-to-date: /home/abhiyaan-cu/Driverless_EV_Project/install/perception_msgs/include/perception_msgs/perception_msgs
-- Up-to-date: /home/abhiyaan-cu/Driverless_EV_Project/install/perception_msgs/include/perception_msgs/perception_msgs/msg
-- Up-to-date: /home/abhiyaan-cu/Driverless_EV_Project/install/perception_msgs/include/perception_msgs/perception_msgs/msg/detail
-- Up-to-date: /home/abhiyaan-cu/Driverless_EV_Project/install/perception_msgs/include/perception_msgs/perception_msgs/msg/detail/bounding_box__type_support.cpp
-- Up-to-date: /home/abhiyaan-cu/Driverless_EV_Project/install/perception_msgs/include/perception_msgs/perception_msgs/msg/detail/object_detections__rosidl_typesupport_introspection_cpp.hpp
-- Up-to-date: /home/abhiyaan-cu/Driverless_EV_Project/install/perception_msgs/include/perception_msgs/perception_msgs/msg/detail/bounding_box__rosidl_typesupport_introspection_cpp.hpp
-- Up-to-date: /home/abhiyaan-cu/Driverless_EV_Project/install/perception_msgs/include/perception_msgs/perception_msgs/msg/detail/object_detection__type_support.cpp
-- Up-to-date: /home/abhiyaan-cu/Driverless_EV_Project/install/perception_msgs/include/perception_msgs/perception_msgs/msg/detail/object_detection__rosidl_typesupport_introspection_cpp.hpp
-- Up-to-date: /home/abhiyaan-cu/Driverless_EV_Project/install/perception_msgs/include/perception_msgs/perception_msgs/msg/detail/object_detections__type_support.cpp
-- Up-to-date: /home/abhiyaan-cu/Driverless_EV_Project/install/perception_msgs/lib/libperception_msgs__rosidl_typesupport_introspection_cpp.so
-- Up-to-date: /home/abhiyaan-cu/Driverless_EV_Project/install/perception_msgs/lib/libperception_msgs__rosidl_typesupport_cpp.so
-- Up-to-date: /home/abhiyaan-cu/Driverless_EV_Project/install/perception_msgs/share/perception_msgs/environment/pythonpath.sh
-- Up-to-date: /home/abhiyaan-cu/Driverless_EV_Project/install/perception_msgs/share/perception_msgs/environment/pythonpath.dsv
-- Up-to-date: /home/abhiyaan-cu/Driverless_EV_Project/install/perception_msgs/local/lib/python3.10/dist-packages/perception_msgs-0.0.1-py3.10.egg-info
-- Installing: /home/abhiyaan-cu/Driverless_EV_Project/install/perception_msgs/local/lib/python3.10/dist-packages/perception_msgs-0.0.1-py3.10.egg-info/PKG-INFO
-- Installing: /home/abhiyaan-cu/Driverless_EV_Project/install/perception_msgs/local/lib/python3.10/dist-packages/perception_msgs-0.0.1-py3.10.egg-info/dependency_links.txt
-- Installing: /home/abhiyaan-cu/Driverless_EV_Project/install/perception_msgs/local/lib/python3.10/dist-packages/perception_msgs-0.0.1-py3.10.egg-info/top_level.txt
-- Installing: /home/abhiyaan-cu/Driverless_EV_Project/install/perception_msgs/local/lib/python3.10/dist-packages/perception_msgs-0.0.1-py3.10.egg-info/SOURCES.txt
-- Up-to-date: /home/abhiyaan-cu/Driverless_EV_Project/install/perception_msgs/local/lib/python3.10/dist-packages/perception_msgs
-- Up-to-date: /home/abhiyaan-cu/Driverless_EV_Project/install/perception_msgs/local/lib/python3.10/dist-packages/perception_msgs/libperception_msgs__rosidl_generator_py.so
-- Up-to-date: /home/abhiyaan-cu/Driverless_EV_Project/install/perception_msgs/local/lib/python3.10/dist-packages/perception_msgs/_perception_msgs_s.ep.rosidl_typesupport_c.c
-- Up-to-date: /home/abhiyaan-cu/Driverless_EV_Project/install/perception_msgs/local/lib/python3.10/dist-packages/perception_msgs/perception_msgs_s__rosidl_typesupport_introspection_c.cpython-310-x86_64-linux-gnu.so
-- Up-to-date: /home/abhiyaan-cu/Driverless_EV_Project/install/perception_msgs/local/lib/python3.10/dist-packages/perception_msgs/_perception_msgs_s.ep.rosidl_typesupport_introspection_c.c
-- Up-to-date: /home/abhiyaan-cu/Driverless_EV_Project/install/perception_msgs/local/lib/python3.10/dist-packages/perception_msgs/perception_msgs_s__rosidl_typesupport_fastrtps_c.cpython-310-x86_64-linux-gnu.so
-- Up-to-date: /home/abhiyaan-cu/Driverless_EV_Project/install/perception_msgs/local/lib/python3.10/dist-packages/perception_msgs/msg
-- Up-to-date: /home/abhiyaan-cu/Driverless_EV_Project/install/perception_msgs/local/lib/python3.10/dist-packages/perception_msgs/msg/_object_detections_s.c
-- Up-to-date: /home/abhiyaan-cu/Driverless_EV_Project/install/perception_msgs/local/lib/python3.10/dist-packages/perception_msgs/msg/_bounding_box_s.c
-- Up-to-date: /home/abhiyaan-cu/Driverless_EV_Project/install/perception_msgs/local/lib/python3.10/dist-packages/perception_msgs/msg/_object_detection.py
-- Up-to-date: /home/abhiyaan-cu/Driverless_EV_Project/install/perception_msgs/local/lib/python3.10/dist-packages/perception_msgs/msg/_object_detections.py
-- Up-to-date: /home/abhiyaan-cu/Driverless_EV_Project/install/perception_msgs/local/lib/python3.10/dist-packages/perception_msgs/msg/_bounding_box.py
-- Up-to-date: /home/abhiyaan-cu/Driverless_EV_Project/install/perception_msgs/local/lib/python3.10/dist-packages/perception_msgs/msg/__init__.py
-- Up-to-date: /home/abhiyaan-cu/Driverless_EV_Project/install/perception_msgs/local/lib/python3.10/dist-packages/perception_msgs/msg/_object_detection_s.c
-- Up-to-date: /home/abhiyaan-cu/Driverless_EV_Project/install/perception_msgs/local/lib/python3.10/dist-packages/perception_msgs/_perception_msgs_s.ep.rosidl_typesupport_fastrtps_c.c
-- Up-to-date: /home/abhiyaan-cu/Driverless_EV_Project/install/perception_msgs/local/lib/python3.10/dist-packages/perception_msgs/__init__.py
-- Up-to-date: /home/abhiyaan-cu/Driverless_EV_Project/install/perception_msgs/local/lib/python3.10/dist-packages/perception_msgs/perception_msgs_s__rosidl_typesupport_c.cpython-310-x86_64-linux-gnu.so
Listing '/home/abhiyaan-cu/Driverless_EV_Project/install/perception_msgs/local/lib/python3.10/dist-packages/perception_msgs'...
Listing '/home/abhiyaan-cu/Driverless_EV_Project/install/perception_msgs/local/lib/python3.10/dist-packages/perception_msgs/msg'...
-- Up-to-date: /home/abhiyaan-cu/Driverless_EV_Project/install/perception_msgs/local/lib/python3.10/dist-packages/perception_msgs/perception_msgs_s__rosidl_typesupport_fastrtps_c.cpython-310-x86_64-linux-gnu.so
-- Up-to-date: /home/abhiyaan-cu/Driverless_EV_Project/install/perception_msgs/local/lib/python3.10/dist-packages/perception_msgs/perception_msgs_s__rosidl_typesupport_introspection_c.cpython-310-x86_64-linux-gnu.so
-- Up-to-date: /home/abhiyaan-cu/Driverless_EV_Project/install/perception_msgs/local/lib/python3.10/dist-packages/perception_msgs/perception_msgs_s__rosidl_typesupport_c.cpython-310-x86_64-linux-gnu.so
-- Up-to-date: /home/abhiyaan-cu/Driverless_EV_Project/install/perception_msgs/lib/libperception_msgs__rosidl_generator_py.so
-- Up-to-date: /home/abhiyaan-cu/Driverless_EV_Project/install/perception_msgs/share/perception_msgs/msg/BoundingBox.idl
-- Up-to-date: /home/abhiyaan-cu/Driverless_EV_Project/install/perception_msgs/share/perception_msgs/msg/ObjectDetection.idl
-- Up-to-date: /home/abhiyaan-cu/Driverless_EV_Project/install/perception_msgs/share/perception_msgs/msg/ObjectDetections.idl
-- Up-to-date: /home/abhiyaan-cu/Driverless_EV_Project/install/perception_msgs/share/perception_msgs/msg/BoundingBox.msg
-- Up-to-date: /home/abhiyaan-cu/Driverless_EV_Project/install/perception_msgs/share/perception_msgs/msg/ObjectDetection.msg
-- Up-to-date: /home/abhiyaan-cu/Driverless_EV_Project/install/perception_msgs/share/perception_msgs/msg/ObjectDetections.msg
-- Up-to-date: /home/abhiyaan-cu/Driverless_EV_Project/install/perception_msgs/share/ament_index/resource_index/package_run_dependencies/perception_msgs
-- Up-to-date: /home/abhiyaan-cu/Driverless_EV_Project/install/perception_msgs/share/ament_index/resource_index/parent_prefix_path/perception_msgs
-- Up-to-date: /home/abhiyaan-cu/Driverless_EV_Project/install/perception_msgs/share/perception_msgs/environment/ament_prefix_path.sh
-- Up-to-date: /home/abhiyaan-cu/Driverless_EV_Project/install/perception_msgs/share/perception_msgs/environment/ament_prefix_path.dsv
-- Up-to-date: /home/abhiyaan-cu/Driverless_EV_Project/install/perception_msgs/share/perception_msgs/environment/path.sh
-- Up-to-date: /home/abhiyaan-cu/Driverless_EV_Project/install/perception_msgs/share/perception_msgs/environment/path.dsv
-- Up-to-date: /home/abhiyaan-cu/Driverless_EV_Project/install/perception_msgs/share/perception_msgs/local_setup.bash
-- Up-to-date: /home/abhiyaan-cu/Driverless_EV_Project/install/perception_msgs/share/perception_msgs/local_setup.sh
-- Up-to-date: /home/abhiyaan-cu/Driverless_EV_Project/install/perception_msgs/share/perception_msgs/local_setup.zsh
-- Up-to-date: /home/abhiyaan-cu/Driverless_EV_Project/install/perception_msgs/share/perception_msgs/local_setup.dsv
-- Installing: /home/abhiyaan-cu/Driverless_EV_Project/install/perception_msgs/share/perception_msgs/package.dsv
-- Up-to-date: /home/abhiyaan-cu/Driverless_EV_Project/install/perception_msgs/share/ament_index/resource_index/packages/perception_msgs
-- Up-to-date: /home/abhiyaan-cu/Driverless_EV_Project/install/perception_msgs/share/perception_msgs/cmake/export_perception_msgs__rosidl_generator_cExport.cmake
-- Up-to-date: /home/abhiyaan-cu/Driverless_EV_Project/install/perception_msgs/share/perception_msgs/cmake/export_perception_msgs__rosidl_generator_cExport-noconfig.cmake
-- Up-to-date: /home/abhiyaan-cu/Driverless_EV_Project/install/perception_msgs/share/perception_msgs/cmake/export_perception_msgs__rosidl_typesupport_fastrtps_cExport.cmake
-- Up-to-date: /home/abhiyaan-cu/Driverless_EV_Project/install/perception_msgs/share/perception_msgs/cmake/export_perception_msgs__rosidl_typesupport_fastrtps_cExport-noconfig.cmake
-- Up-to-date: /home/abhiyaan-cu/Driverless_EV_Project/install/perception_msgs/share/perception_msgs/cmake/export_perception_msgs__rosidl_generator_cppExport.cmake
-- Up-to-date: /home/abhiyaan-cu/Driverless_EV_Project/install/perception_msgs/share/perception_msgs/cmake/export_perception_msgs__rosidl_typesupport_fastrtps_cppExport.cmake
-- Up-to-date: /home/abhiyaan-cu/Driverless_EV_Project/install/perception_msgs/share/perception_msgs/cmake/export_perception_msgs__rosidl_typesupport_fastrtps_cppExport-noconfig.cmake
-- Up-to-date: /home/abhiyaan-cu/Driverless_EV_Project/install/perception_msgs/share/perception_msgs/cmake/perception_msgs__rosidl_typesupport_introspection_cExport.cmake
-- Up-to-date: /home/abhiyaan-cu/Driverless_EV_Project/install/perception_msgs/share/perception_msgs/cmake/perception_msgs__rosidl_typesupport_introspection_cExport-noconfig.cmake
-- Up-to-date: /home/abhiyaan-cu/Driverless_EV_Project/install/perception_msgs/share/perception_msgs/cmake/perception_msgs__rosidl_typesupport_cExport.cmake
-- Up-to-date: /home/abhiyaan-cu/Driverless_EV_Project/install/perception_msgs/share/perception_msgs/cmake/perception_msgs__rosidl_typesupport_cExport-noconfig.cmake
-- Up-to-date: /home/abhiyaan-cu/Driverless_EV_Project/install/perception_msgs/share/perception_msgs/cmake/perception_msgs__rosidl_typesupport_introspection_cppExport.cmake
-- Up-to-date: /home/abhiyaan-cu/Driverless_EV_Project/install/perception_msgs/share/perception_msgs/cmake/perception_msgs__rosidl_typesupport_introspection_cppExport-noconfig.cmake
-- Up-to-date: /home/abhiyaan-cu/Driverless_EV_Project/install/perception_msgs/share/perception_msgs/cmake/perception_msgs__rosidl_typesupport_cppExport.cmake
-- Up-to-date: /home/abhiyaan-cu/Driverless_EV_Project/install/perception_msgs/share/perception_msgs/cmake/perception_msgs__rosidl_typesupport_cppExport-noconfig.cmake
-- Up-to-date: /home/abhiyaan-cu/Driverless_EV_Project/install/perception_msgs/share/perception_msgs/cmake/export_perception_msgs__rosidl_generator_pyExport.cmake
-- Up-to-date: /home/abhiyaan-cu/Driverless_EV_Project/install/perception_msgs/share/perception_msgs/cmake/export_perception_msgs__rosidl_generator_pyExport-noconfig.cmake
-- Up-to-date: /home/abhiyaan-cu/Driverless_EV_Project/install/perception_msgs/share/perception_msgs/cmake/rosidl_cmake-extras.cmake
-- Up-to-date: /home/abhiyaan-cu/Driverless_EV_Project/install/perception_msgs/share/perception_msgs/cmake/ament_cmake_export_dependencies-extras.cmake
-- Up-to-date: /home/abhiyaan-cu/Driverless_EV_Project/install/perception_msgs/share/perception_msgs/cmake/ament_cmake_export_include_directories-extras.cmake
-- Up-to-date: /home/abhiyaan-cu/Driverless_EV_Project/install/perception_msgs/share/perception_msgs/cmake/ament_cmake_export_libraries-extras.cmake
-- Up-to-date: /home/abhiyaan-cu/Driverless_EV_Project/install/perception_msgs/share/perception_msgs/cmake/ament_cmake_export_targets-extras.cmake
-- Up-to-date: /home/abhiyaan-cu/Driverless_EV_Project/install/perception_msgs/share/perception_msgs/cmake/rosidl_cmake_export_typesupport_targets-extras.cmake
-- Up-to-date: /home/abhiyaan-cu/Driverless_EV_Project/install/perception_msgs/share/perception_msgs/cmake/rosidl_cmake_export_typesupport_libraries-extras.cmake
-- Up-to-date: /home/abhiyaan-cu/Driverless_EV_Project/install/perception_msgs/share/perception_msgs/cmake/perception_msgsConfig.cmake
-- Up-to-date: /home/abhiyaan-cu/Driverless_EV_Project/install/perception_msgs/share/perception_msgs/cmake/perception_msgsConfig-version.cmake
-- Up-to-date: /home/abhiyaan-cu/Driverless_EV_Project/install/perception_msgs/share/perception_msgs/package.xml
