[0.012s] Invoking command in '/home/abhiyaan-cu/Driverless_EV_Project/build/perception_msgs': CMAKE_PREFIX_PATH=${CMAKE_PREFIX_PATH}:/opt/ros/humble /usr/bin/cmake --build /home/abhiyaan-cu/Driverless_EV_Project/build/perception_msgs -- -j20 -l20
[0.050s] [  2%] Built target perception_msgs__cpp
[0.051s] [ 12%] Built target perception_msgs__rosidl_generator_c
[0.057s] [ 12%] Built target ament_cmake_python_copy_perception_msgs
[0.064s] [ 23%] Built target perception_msgs__rosidl_typesupport_cpp
[0.065s] [ 34%] Built target perception_msgs__rosidl_typesupport_fastrtps_cpp
[0.065s] [ 44%] Built target perception_msgs__rosidl_typesupport_introspection_c
[0.066s] [ 55%] Built target perception_msgs__rosidl_typesupport_c
[0.066s] [ 65%] Built target perception_msgs__rosidl_typesupport_introspection_cpp
[0.072s] [ 76%] Built target perception_msgs__rosidl_typesupport_fastrtps_c
[0.092s] [ 76%] Built target perception_msgs
[0.112s] [ 78%] Built target perception_msgs__py
[0.130s] [ 87%] Built target perception_msgs__rosidl_generator_py
[0.146s] [ 91%] Built target perception_msgs__rosidl_typesupport_c__pyext
[0.147s] [ 95%] Built target perception_msgs__rosidl_typesupport_introspection_c__pyext
[0.147s] [100%] Built target perception_msgs__rosidl_typesupport_fastrtps_c__pyext
[0.254s] running egg_info
[0.254s] writing perception_msgs.egg-info/PKG-INFO
[0.255s] writing dependency_links to perception_msgs.egg-info/dependency_links.txt
[0.255s] writing top-level names to perception_msgs.egg-info/top_level.txt
[0.257s] reading manifest file 'perception_msgs.egg-info/SOURCES.txt'
[0.257s] writing manifest file 'perception_msgs.egg-info/SOURCES.txt'
[0.278s] [100%] Built target ament_cmake_python_build_perception_msgs_egg
[0.288s] Invoked command in '/home/abhiyaan-cu/Driverless_EV_Project/build/perception_msgs' returned '0': CMAKE_PREFIX_PATH=${CMAKE_PREFIX_PATH}:/opt/ros/humble /usr/bin/cmake --build /home/abhiyaan-cu/Driverless_EV_Project/build/perception_msgs -- -j20 -l20
[0.289s] Invoking command in '/home/abhiyaan-cu/Driverless_EV_Project/build/perception_msgs': CMAKE_PREFIX_PATH=${CMAKE_PREFIX_PATH}:/opt/ros/humble /usr/bin/cmake --install /home/abhiyaan-cu/Driverless_EV_Project/build/perception_msgs
[0.294s] -- Install configuration: ""
[0.294s] -- Up-to-date: /home/abhiyaan-cu/Driverless_EV_Project/install/perception_msgs/share/ament_index/resource_index/rosidl_interfaces/perception_msgs
[0.295s] -- Up-to-date: /home/abhiyaan-cu/Driverless_EV_Project/install/perception_msgs/include/perception_msgs/perception_msgs
[0.295s] -- Up-to-date: /home/abhiyaan-cu/Driverless_EV_Project/install/perception_msgs/include/perception_msgs/perception_msgs/msg
[0.295s] -- Up-to-date: /home/abhiyaan-cu/Driverless_EV_Project/install/perception_msgs/include/perception_msgs/perception_msgs/msg/object_detections.h
[0.295s] -- Up-to-date: /home/abhiyaan-cu/Driverless_EV_Project/install/perception_msgs/include/perception_msgs/perception_msgs/msg/object_detection.h
[0.295s] -- Up-to-date: /home/abhiyaan-cu/Driverless_EV_Project/install/perception_msgs/include/perception_msgs/perception_msgs/msg/bounding_box.h
[0.295s] -- Up-to-date: /home/abhiyaan-cu/Driverless_EV_Project/install/perception_msgs/include/perception_msgs/perception_msgs/msg/rosidl_generator_c__visibility_control.h
[0.295s] -- Up-to-date: /home/abhiyaan-cu/Driverless_EV_Project/install/perception_msgs/include/perception_msgs/perception_msgs/msg/detail
[0.295s] -- Up-to-date: /home/abhiyaan-cu/Driverless_EV_Project/install/perception_msgs/include/perception_msgs/perception_msgs/msg/detail/bounding_box__functions.c
[0.295s] -- Up-to-date: /home/abhiyaan-cu/Driverless_EV_Project/install/perception_msgs/include/perception_msgs/perception_msgs/msg/detail/object_detections__struct.h
[0.295s] -- Up-to-date: /home/abhiyaan-cu/Driverless_EV_Project/install/perception_msgs/include/perception_msgs/perception_msgs/msg/detail/object_detection__struct.h
[0.295s] -- Up-to-date: /home/abhiyaan-cu/Driverless_EV_Project/install/perception_msgs/include/perception_msgs/perception_msgs/msg/detail/object_detection__functions.c
[0.295s] -- Up-to-date: /home/abhiyaan-cu/Driverless_EV_Project/install/perception_msgs/include/perception_msgs/perception_msgs/msg/detail/object_detection__functions.h
[0.296s] -- Up-to-date: /home/abhiyaan-cu/Driverless_EV_Project/install/perception_msgs/include/perception_msgs/perception_msgs/msg/detail/object_detections__type_support.h
[0.296s] -- Up-to-date: /home/abhiyaan-cu/Driverless_EV_Project/install/perception_msgs/include/perception_msgs/perception_msgs/msg/detail/object_detection__type_support.h
[0.296s] -- Up-to-date: /home/abhiyaan-cu/Driverless_EV_Project/install/perception_msgs/include/perception_msgs/perception_msgs/msg/detail/bounding_box__type_support.h
[0.296s] -- Up-to-date: /home/abhiyaan-cu/Driverless_EV_Project/install/perception_msgs/include/perception_msgs/perception_msgs/msg/detail/object_detections__functions.c
[0.296s] -- Up-to-date: /home/abhiyaan-cu/Driverless_EV_Project/install/perception_msgs/include/perception_msgs/perception_msgs/msg/detail/bounding_box__functions.h
[0.296s] -- Up-to-date: /home/abhiyaan-cu/Driverless_EV_Project/install/perception_msgs/include/perception_msgs/perception_msgs/msg/detail/bounding_box__struct.h
[0.296s] -- Up-to-date: /home/abhiyaan-cu/Driverless_EV_Project/install/perception_msgs/include/perception_msgs/perception_msgs/msg/detail/object_detections__functions.h
[0.296s] -- Up-to-date: /home/abhiyaan-cu/Driverless_EV_Project/install/perception_msgs/share/perception_msgs/environment/library_path.sh
[0.296s] -- Up-to-date: /home/abhiyaan-cu/Driverless_EV_Project/install/perception_msgs/share/perception_msgs/environment/library_path.dsv
[0.296s] -- Up-to-date: /home/abhiyaan-cu/Driverless_EV_Project/install/perception_msgs/lib/libperception_msgs__rosidl_generator_c.so
[0.296s] -- Up-to-date: /home/abhiyaan-cu/Driverless_EV_Project/install/perception_msgs/include/perception_msgs/perception_msgs
[0.296s] -- Up-to-date: /home/abhiyaan-cu/Driverless_EV_Project/install/perception_msgs/include/perception_msgs/perception_msgs/msg
[0.296s] -- Up-to-date: /home/abhiyaan-cu/Driverless_EV_Project/install/perception_msgs/include/perception_msgs/perception_msgs/msg/rosidl_typesupport_fastrtps_c__visibility_control.h
[0.296s] -- Up-to-date: /home/abhiyaan-cu/Driverless_EV_Project/install/perception_msgs/include/perception_msgs/perception_msgs/msg/detail
[0.296s] -- Up-to-date: /home/abhiyaan-cu/Driverless_EV_Project/install/perception_msgs/include/perception_msgs/perception_msgs/msg/detail/bounding_box__rosidl_typesupport_fastrtps_c.h
[0.296s] -- Up-to-date: /home/abhiyaan-cu/Driverless_EV_Project/install/perception_msgs/include/perception_msgs/perception_msgs/msg/detail/object_detection__rosidl_typesupport_fastrtps_c.h
[0.296s] -- Up-to-date: /home/abhiyaan-cu/Driverless_EV_Project/install/perception_msgs/include/perception_msgs/perception_msgs/msg/detail/object_detections__rosidl_typesupport_fastrtps_c.h
[0.296s] -- Up-to-date: /home/abhiyaan-cu/Driverless_EV_Project/install/perception_msgs/lib/libperception_msgs__rosidl_typesupport_fastrtps_c.so
[0.296s] -- Up-to-date: /home/abhiyaan-cu/Driverless_EV_Project/install/perception_msgs/include/perception_msgs/perception_msgs
[0.296s] -- Up-to-date: /home/abhiyaan-cu/Driverless_EV_Project/install/perception_msgs/include/perception_msgs/perception_msgs/msg
[0.296s] -- Up-to-date: /home/abhiyaan-cu/Driverless_EV_Project/install/perception_msgs/include/perception_msgs/perception_msgs/msg/object_detections.hpp
[0.296s] -- Up-to-date: /home/abhiyaan-cu/Driverless_EV_Project/install/perception_msgs/include/perception_msgs/perception_msgs/msg/rosidl_generator_cpp__visibility_control.hpp
[0.296s] -- Up-to-date: /home/abhiyaan-cu/Driverless_EV_Project/install/perception_msgs/include/perception_msgs/perception_msgs/msg/object_detection.hpp
[0.296s] -- Up-to-date: /home/abhiyaan-cu/Driverless_EV_Project/install/perception_msgs/include/perception_msgs/perception_msgs/msg/bounding_box.hpp
[0.296s] -- Up-to-date: /home/abhiyaan-cu/Driverless_EV_Project/install/perception_msgs/include/perception_msgs/perception_msgs/msg/detail
[0.296s] -- Up-to-date: /home/abhiyaan-cu/Driverless_EV_Project/install/perception_msgs/include/perception_msgs/perception_msgs/msg/detail/object_detections__traits.hpp
[0.296s] -- Up-to-date: /home/abhiyaan-cu/Driverless_EV_Project/install/perception_msgs/include/perception_msgs/perception_msgs/msg/detail/object_detections__builder.hpp
[0.296s] -- Up-to-date: /home/abhiyaan-cu/Driverless_EV_Project/install/perception_msgs/include/perception_msgs/perception_msgs/msg/detail/object_detections__type_support.hpp
[0.296s] -- Up-to-date: /home/abhiyaan-cu/Driverless_EV_Project/install/perception_msgs/include/perception_msgs/perception_msgs/msg/detail/bounding_box__type_support.hpp
[0.296s] -- Up-to-date: /home/abhiyaan-cu/Driverless_EV_Project/install/perception_msgs/include/perception_msgs/perception_msgs/msg/detail/bounding_box__builder.hpp
[0.297s] -- Up-to-date: /home/abhiyaan-cu/Driverless_EV_Project/install/perception_msgs/include/perception_msgs/perception_msgs/msg/detail/object_detection__type_support.hpp
[0.297s] -- Up-to-date: /home/abhiyaan-cu/Driverless_EV_Project/install/perception_msgs/include/perception_msgs/perception_msgs/msg/detail/bounding_box__struct.hpp
[0.297s] -- Up-to-date: /home/abhiyaan-cu/Driverless_EV_Project/install/perception_msgs/include/perception_msgs/perception_msgs/msg/detail/bounding_box__traits.hpp
[0.297s] -- Up-to-date: /home/abhiyaan-cu/Driverless_EV_Project/install/perception_msgs/include/perception_msgs/perception_msgs/msg/detail/object_detection__builder.hpp
[0.297s] -- Up-to-date: /home/abhiyaan-cu/Driverless_EV_Project/install/perception_msgs/include/perception_msgs/perception_msgs/msg/detail/object_detection__struct.hpp
[0.297s] -- Up-to-date: /home/abhiyaan-cu/Driverless_EV_Project/install/perception_msgs/include/perception_msgs/perception_msgs/msg/detail/object_detections__struct.hpp
[0.297s] -- Up-to-date: /home/abhiyaan-cu/Driverless_EV_Project/install/perception_msgs/include/perception_msgs/perception_msgs/msg/detail/object_detection__traits.hpp
[0.297s] -- Up-to-date: /home/abhiyaan-cu/Driverless_EV_Project/install/perception_msgs/include/perception_msgs/perception_msgs
[0.297s] -- Up-to-date: /home/abhiyaan-cu/Driverless_EV_Project/install/perception_msgs/include/perception_msgs/perception_msgs/msg
[0.297s] -- Up-to-date: /home/abhiyaan-cu/Driverless_EV_Project/install/perception_msgs/include/perception_msgs/perception_msgs/msg/rosidl_typesupport_fastrtps_cpp__visibility_control.h
[0.297s] -- Up-to-date: /home/abhiyaan-cu/Driverless_EV_Project/install/perception_msgs/include/perception_msgs/perception_msgs/msg/detail
[0.297s] -- Up-to-date: /home/abhiyaan-cu/Driverless_EV_Project/install/perception_msgs/include/perception_msgs/perception_msgs/msg/detail/object_detection__rosidl_typesupport_fastrtps_cpp.hpp
[0.297s] -- Up-to-date: /home/abhiyaan-cu/Driverless_EV_Project/install/perception_msgs/include/perception_msgs/perception_msgs/msg/detail/bounding_box__rosidl_typesupport_fastrtps_cpp.hpp
[0.297s] -- Up-to-date: /home/abhiyaan-cu/Driverless_EV_Project/install/perception_msgs/include/perception_msgs/perception_msgs/msg/detail/object_detections__rosidl_typesupport_fastrtps_cpp.hpp
[0.297s] -- Up-to-date: /home/abhiyaan-cu/Driverless_EV_Project/install/perception_msgs/include/perception_msgs/perception_msgs/msg/detail/dds_fastrtps
[0.297s] -- Up-to-date: /home/abhiyaan-cu/Driverless_EV_Project/install/perception_msgs/lib/libperception_msgs__rosidl_typesupport_fastrtps_cpp.so
[0.297s] -- Up-to-date: /home/abhiyaan-cu/Driverless_EV_Project/install/perception_msgs/include/perception_msgs/perception_msgs
[0.297s] -- Up-to-date: /home/abhiyaan-cu/Driverless_EV_Project/install/perception_msgs/include/perception_msgs/perception_msgs/msg
[0.297s] -- Up-to-date: /home/abhiyaan-cu/Driverless_EV_Project/install/perception_msgs/include/perception_msgs/perception_msgs/msg/rosidl_typesupport_introspection_c__visibility_control.h
[0.297s] -- Up-to-date: /home/abhiyaan-cu/Driverless_EV_Project/install/perception_msgs/include/perception_msgs/perception_msgs/msg/detail
[0.297s] -- Up-to-date: /home/abhiyaan-cu/Driverless_EV_Project/install/perception_msgs/include/perception_msgs/perception_msgs/msg/detail/object_detections__type_support.c
[0.297s] -- Up-to-date: /home/abhiyaan-cu/Driverless_EV_Project/install/perception_msgs/include/perception_msgs/perception_msgs/msg/detail/object_detections__rosidl_typesupport_introspection_c.h
[0.297s] -- Up-to-date: /home/abhiyaan-cu/Driverless_EV_Project/install/perception_msgs/include/perception_msgs/perception_msgs/msg/detail/object_detection__rosidl_typesupport_introspection_c.h
[0.297s] -- Up-to-date: /home/abhiyaan-cu/Driverless_EV_Project/install/perception_msgs/include/perception_msgs/perception_msgs/msg/detail/bounding_box__type_support.c
[0.297s] -- Up-to-date: /home/abhiyaan-cu/Driverless_EV_Project/install/perception_msgs/include/perception_msgs/perception_msgs/msg/detail/object_detection__type_support.c
[0.297s] -- Up-to-date: /home/abhiyaan-cu/Driverless_EV_Project/install/perception_msgs/include/perception_msgs/perception_msgs/msg/detail/bounding_box__rosidl_typesupport_introspection_c.h
[0.297s] -- Up-to-date: /home/abhiyaan-cu/Driverless_EV_Project/install/perception_msgs/lib/libperception_msgs__rosidl_typesupport_introspection_c.so
[0.298s] -- Up-to-date: /home/abhiyaan-cu/Driverless_EV_Project/install/perception_msgs/lib/libperception_msgs__rosidl_typesupport_c.so
[0.298s] -- Up-to-date: /home/abhiyaan-cu/Driverless_EV_Project/install/perception_msgs/include/perception_msgs/perception_msgs
[0.298s] -- Up-to-date: /home/abhiyaan-cu/Driverless_EV_Project/install/perception_msgs/include/perception_msgs/perception_msgs/msg
[0.298s] -- Up-to-date: /home/abhiyaan-cu/Driverless_EV_Project/install/perception_msgs/include/perception_msgs/perception_msgs/msg/detail
[0.298s] -- Up-to-date: /home/abhiyaan-cu/Driverless_EV_Project/install/perception_msgs/include/perception_msgs/perception_msgs/msg/detail/bounding_box__type_support.cpp
[0.298s] -- Up-to-date: /home/abhiyaan-cu/Driverless_EV_Project/install/perception_msgs/include/perception_msgs/perception_msgs/msg/detail/object_detections__rosidl_typesupport_introspection_cpp.hpp
[0.298s] -- Up-to-date: /home/abhiyaan-cu/Driverless_EV_Project/install/perception_msgs/include/perception_msgs/perception_msgs/msg/detail/bounding_box__rosidl_typesupport_introspection_cpp.hpp
[0.298s] -- Up-to-date: /home/abhiyaan-cu/Driverless_EV_Project/install/perception_msgs/include/perception_msgs/perception_msgs/msg/detail/object_detection__type_support.cpp
[0.298s] -- Up-to-date: /home/abhiyaan-cu/Driverless_EV_Project/install/perception_msgs/include/perception_msgs/perception_msgs/msg/detail/object_detection__rosidl_typesupport_introspection_cpp.hpp
[0.298s] -- Up-to-date: /home/abhiyaan-cu/Driverless_EV_Project/install/perception_msgs/include/perception_msgs/perception_msgs/msg/detail/object_detections__type_support.cpp
[0.298s] -- Up-to-date: /home/abhiyaan-cu/Driverless_EV_Project/install/perception_msgs/lib/libperception_msgs__rosidl_typesupport_introspection_cpp.so
[0.298s] -- Up-to-date: /home/abhiyaan-cu/Driverless_EV_Project/install/perception_msgs/lib/libperception_msgs__rosidl_typesupport_cpp.so
[0.298s] -- Up-to-date: /home/abhiyaan-cu/Driverless_EV_Project/install/perception_msgs/share/perception_msgs/environment/pythonpath.sh
[0.298s] -- Up-to-date: /home/abhiyaan-cu/Driverless_EV_Project/install/perception_msgs/share/perception_msgs/environment/pythonpath.dsv
[0.298s] -- Up-to-date: /home/abhiyaan-cu/Driverless_EV_Project/install/perception_msgs/local/lib/python3.10/dist-packages/perception_msgs-0.0.1-py3.10.egg-info
[0.298s] -- Installing: /home/abhiyaan-cu/Driverless_EV_Project/install/perception_msgs/local/lib/python3.10/dist-packages/perception_msgs-0.0.1-py3.10.egg-info/PKG-INFO
[0.298s] -- Installing: /home/abhiyaan-cu/Driverless_EV_Project/install/perception_msgs/local/lib/python3.10/dist-packages/perception_msgs-0.0.1-py3.10.egg-info/dependency_links.txt
[0.298s] -- Installing: /home/abhiyaan-cu/Driverless_EV_Project/install/perception_msgs/local/lib/python3.10/dist-packages/perception_msgs-0.0.1-py3.10.egg-info/top_level.txt
[0.298s] -- Installing: /home/abhiyaan-cu/Driverless_EV_Project/install/perception_msgs/local/lib/python3.10/dist-packages/perception_msgs-0.0.1-py3.10.egg-info/SOURCES.txt
[0.298s] -- Up-to-date: /home/abhiyaan-cu/Driverless_EV_Project/install/perception_msgs/local/lib/python3.10/dist-packages/perception_msgs
[0.298s] -- Up-to-date: /home/abhiyaan-cu/Driverless_EV_Project/install/perception_msgs/local/lib/python3.10/dist-packages/perception_msgs/libperception_msgs__rosidl_generator_py.so
[0.298s] -- Up-to-date: /home/abhiyaan-cu/Driverless_EV_Project/install/perception_msgs/local/lib/python3.10/dist-packages/perception_msgs/_perception_msgs_s.ep.rosidl_typesupport_c.c
[0.298s] -- Up-to-date: /home/abhiyaan-cu/Driverless_EV_Project/install/perception_msgs/local/lib/python3.10/dist-packages/perception_msgs/perception_msgs_s__rosidl_typesupport_introspection_c.cpython-310-x86_64-linux-gnu.so
[0.298s] -- Up-to-date: /home/abhiyaan-cu/Driverless_EV_Project/install/perception_msgs/local/lib/python3.10/dist-packages/perception_msgs/_perception_msgs_s.ep.rosidl_typesupport_introspection_c.c
[0.298s] -- Up-to-date: /home/abhiyaan-cu/Driverless_EV_Project/install/perception_msgs/local/lib/python3.10/dist-packages/perception_msgs/perception_msgs_s__rosidl_typesupport_fastrtps_c.cpython-310-x86_64-linux-gnu.so
[0.298s] -- Up-to-date: /home/abhiyaan-cu/Driverless_EV_Project/install/perception_msgs/local/lib/python3.10/dist-packages/perception_msgs/msg
[0.298s] -- Up-to-date: /home/abhiyaan-cu/Driverless_EV_Project/install/perception_msgs/local/lib/python3.10/dist-packages/perception_msgs/msg/_object_detections_s.c
[0.298s] -- Up-to-date: /home/abhiyaan-cu/Driverless_EV_Project/install/perception_msgs/local/lib/python3.10/dist-packages/perception_msgs/msg/_bounding_box_s.c
[0.298s] -- Up-to-date: /home/abhiyaan-cu/Driverless_EV_Project/install/perception_msgs/local/lib/python3.10/dist-packages/perception_msgs/msg/_object_detection.py
[0.299s] -- Up-to-date: /home/abhiyaan-cu/Driverless_EV_Project/install/perception_msgs/local/lib/python3.10/dist-packages/perception_msgs/msg/_object_detections.py
[0.299s] -- Up-to-date: /home/abhiyaan-cu/Driverless_EV_Project/install/perception_msgs/local/lib/python3.10/dist-packages/perception_msgs/msg/_bounding_box.py
[0.299s] -- Up-to-date: /home/abhiyaan-cu/Driverless_EV_Project/install/perception_msgs/local/lib/python3.10/dist-packages/perception_msgs/msg/__init__.py
[0.299s] -- Up-to-date: /home/abhiyaan-cu/Driverless_EV_Project/install/perception_msgs/local/lib/python3.10/dist-packages/perception_msgs/msg/_object_detection_s.c
[0.299s] -- Up-to-date: /home/abhiyaan-cu/Driverless_EV_Project/install/perception_msgs/local/lib/python3.10/dist-packages/perception_msgs/_perception_msgs_s.ep.rosidl_typesupport_fastrtps_c.c
[0.299s] -- Up-to-date: /home/abhiyaan-cu/Driverless_EV_Project/install/perception_msgs/local/lib/python3.10/dist-packages/perception_msgs/__init__.py
[0.299s] -- Up-to-date: /home/abhiyaan-cu/Driverless_EV_Project/install/perception_msgs/local/lib/python3.10/dist-packages/perception_msgs/perception_msgs_s__rosidl_typesupport_c.cpython-310-x86_64-linux-gnu.so
[0.322s] Listing '/home/abhiyaan-cu/Driverless_EV_Project/install/perception_msgs/local/lib/python3.10/dist-packages/perception_msgs'...
[0.322s] Listing '/home/abhiyaan-cu/Driverless_EV_Project/install/perception_msgs/local/lib/python3.10/dist-packages/perception_msgs/msg'...
[0.325s] -- Up-to-date: /home/abhiyaan-cu/Driverless_EV_Project/install/perception_msgs/local/lib/python3.10/dist-packages/perception_msgs/perception_msgs_s__rosidl_typesupport_fastrtps_c.cpython-310-x86_64-linux-gnu.so
[0.325s] -- Up-to-date: /home/abhiyaan-cu/Driverless_EV_Project/install/perception_msgs/local/lib/python3.10/dist-packages/perception_msgs/perception_msgs_s__rosidl_typesupport_introspection_c.cpython-310-x86_64-linux-gnu.so
[0.326s] -- Up-to-date: /home/abhiyaan-cu/Driverless_EV_Project/install/perception_msgs/local/lib/python3.10/dist-packages/perception_msgs/perception_msgs_s__rosidl_typesupport_c.cpython-310-x86_64-linux-gnu.so
[0.326s] -- Up-to-date: /home/abhiyaan-cu/Driverless_EV_Project/install/perception_msgs/lib/libperception_msgs__rosidl_generator_py.so
[0.326s] -- Up-to-date: /home/abhiyaan-cu/Driverless_EV_Project/install/perception_msgs/share/perception_msgs/msg/BoundingBox.idl
[0.326s] -- Up-to-date: /home/abhiyaan-cu/Driverless_EV_Project/install/perception_msgs/share/perception_msgs/msg/ObjectDetection.idl
[0.326s] -- Up-to-date: /home/abhiyaan-cu/Driverless_EV_Project/install/perception_msgs/share/perception_msgs/msg/ObjectDetections.idl
[0.326s] -- Up-to-date: /home/abhiyaan-cu/Driverless_EV_Project/install/perception_msgs/share/perception_msgs/msg/BoundingBox.msg
[0.326s] -- Up-to-date: /home/abhiyaan-cu/Driverless_EV_Project/install/perception_msgs/share/perception_msgs/msg/ObjectDetection.msg
[0.326s] -- Up-to-date: /home/abhiyaan-cu/Driverless_EV_Project/install/perception_msgs/share/perception_msgs/msg/ObjectDetections.msg
[0.326s] -- Up-to-date: /home/abhiyaan-cu/Driverless_EV_Project/install/perception_msgs/share/ament_index/resource_index/package_run_dependencies/perception_msgs
[0.326s] -- Up-to-date: /home/abhiyaan-cu/Driverless_EV_Project/install/perception_msgs/share/ament_index/resource_index/parent_prefix_path/perception_msgs
[0.326s] -- Up-to-date: /home/abhiyaan-cu/Driverless_EV_Project/install/perception_msgs/share/perception_msgs/environment/ament_prefix_path.sh
[0.327s] -- Up-to-date: /home/abhiyaan-cu/Driverless_EV_Project/install/perception_msgs/share/perception_msgs/environment/ament_prefix_path.dsv
[0.327s] -- Up-to-date: /home/abhiyaan-cu/Driverless_EV_Project/install/perception_msgs/share/perception_msgs/environment/path.sh
[0.327s] -- Up-to-date: /home/abhiyaan-cu/Driverless_EV_Project/install/perception_msgs/share/perception_msgs/environment/path.dsv
[0.327s] -- Up-to-date: /home/abhiyaan-cu/Driverless_EV_Project/install/perception_msgs/share/perception_msgs/local_setup.bash
[0.327s] -- Up-to-date: /home/abhiyaan-cu/Driverless_EV_Project/install/perception_msgs/share/perception_msgs/local_setup.sh
[0.327s] -- Up-to-date: /home/abhiyaan-cu/Driverless_EV_Project/install/perception_msgs/share/perception_msgs/local_setup.zsh
[0.327s] -- Up-to-date: /home/abhiyaan-cu/Driverless_EV_Project/install/perception_msgs/share/perception_msgs/local_setup.dsv
[0.327s] -- Installing: /home/abhiyaan-cu/Driverless_EV_Project/install/perception_msgs/share/perception_msgs/package.dsv
[0.327s] -- Up-to-date: /home/abhiyaan-cu/Driverless_EV_Project/install/perception_msgs/share/ament_index/resource_index/packages/perception_msgs
[0.327s] -- Up-to-date: /home/abhiyaan-cu/Driverless_EV_Project/install/perception_msgs/share/perception_msgs/cmake/export_perception_msgs__rosidl_generator_cExport.cmake
[0.327s] -- Up-to-date: /home/abhiyaan-cu/Driverless_EV_Project/install/perception_msgs/share/perception_msgs/cmake/export_perception_msgs__rosidl_generator_cExport-noconfig.cmake
[0.327s] -- Up-to-date: /home/abhiyaan-cu/Driverless_EV_Project/install/perception_msgs/share/perception_msgs/cmake/export_perception_msgs__rosidl_typesupport_fastrtps_cExport.cmake
[0.327s] -- Up-to-date: /home/abhiyaan-cu/Driverless_EV_Project/install/perception_msgs/share/perception_msgs/cmake/export_perception_msgs__rosidl_typesupport_fastrtps_cExport-noconfig.cmake
[0.327s] -- Up-to-date: /home/abhiyaan-cu/Driverless_EV_Project/install/perception_msgs/share/perception_msgs/cmake/export_perception_msgs__rosidl_generator_cppExport.cmake
[0.327s] -- Up-to-date: /home/abhiyaan-cu/Driverless_EV_Project/install/perception_msgs/share/perception_msgs/cmake/export_perception_msgs__rosidl_typesupport_fastrtps_cppExport.cmake
[0.327s] -- Up-to-date: /home/abhiyaan-cu/Driverless_EV_Project/install/perception_msgs/share/perception_msgs/cmake/export_perception_msgs__rosidl_typesupport_fastrtps_cppExport-noconfig.cmake
[0.327s] -- Up-to-date: /home/abhiyaan-cu/Driverless_EV_Project/install/perception_msgs/share/perception_msgs/cmake/perception_msgs__rosidl_typesupport_introspection_cExport.cmake
[0.327s] -- Up-to-date: /home/abhiyaan-cu/Driverless_EV_Project/install/perception_msgs/share/perception_msgs/cmake/perception_msgs__rosidl_typesupport_introspection_cExport-noconfig.cmake
[0.327s] -- Up-to-date: /home/abhiyaan-cu/Driverless_EV_Project/install/perception_msgs/share/perception_msgs/cmake/perception_msgs__rosidl_typesupport_cExport.cmake
[0.327s] -- Up-to-date: /home/abhiyaan-cu/Driverless_EV_Project/install/perception_msgs/share/perception_msgs/cmake/perception_msgs__rosidl_typesupport_cExport-noconfig.cmake
[0.327s] -- Up-to-date: /home/abhiyaan-cu/Driverless_EV_Project/install/perception_msgs/share/perception_msgs/cmake/perception_msgs__rosidl_typesupport_introspection_cppExport.cmake
[0.328s] -- Up-to-date: /home/abhiyaan-cu/Driverless_EV_Project/install/perception_msgs/share/perception_msgs/cmake/perception_msgs__rosidl_typesupport_introspection_cppExport-noconfig.cmake
[0.328s] -- Up-to-date: /home/abhiyaan-cu/Driverless_EV_Project/install/perception_msgs/share/perception_msgs/cmake/perception_msgs__rosidl_typesupport_cppExport.cmake
[0.328s] -- Up-to-date: /home/abhiyaan-cu/Driverless_EV_Project/install/perception_msgs/share/perception_msgs/cmake/perception_msgs__rosidl_typesupport_cppExport-noconfig.cmake
[0.328s] -- Up-to-date: /home/abhiyaan-cu/Driverless_EV_Project/install/perception_msgs/share/perception_msgs/cmake/export_perception_msgs__rosidl_generator_pyExport.cmake
[0.328s] -- Up-to-date: /home/abhiyaan-cu/Driverless_EV_Project/install/perception_msgs/share/perception_msgs/cmake/export_perception_msgs__rosidl_generator_pyExport-noconfig.cmake
[0.328s] -- Up-to-date: /home/abhiyaan-cu/Driverless_EV_Project/install/perception_msgs/share/perception_msgs/cmake/rosidl_cmake-extras.cmake
[0.328s] -- Up-to-date: /home/abhiyaan-cu/Driverless_EV_Project/install/perception_msgs/share/perception_msgs/cmake/ament_cmake_export_dependencies-extras.cmake
[0.328s] -- Up-to-date: /home/abhiyaan-cu/Driverless_EV_Project/install/perception_msgs/share/perception_msgs/cmake/ament_cmake_export_include_directories-extras.cmake
[0.328s] -- Up-to-date: /home/abhiyaan-cu/Driverless_EV_Project/install/perception_msgs/share/perception_msgs/cmake/ament_cmake_export_libraries-extras.cmake
[0.328s] -- Up-to-date: /home/abhiyaan-cu/Driverless_EV_Project/install/perception_msgs/share/perception_msgs/cmake/ament_cmake_export_targets-extras.cmake
[0.328s] -- Up-to-date: /home/abhiyaan-cu/Driverless_EV_Project/install/perception_msgs/share/perception_msgs/cmake/rosidl_cmake_export_typesupport_targets-extras.cmake
[0.328s] -- Up-to-date: /home/abhiyaan-cu/Driverless_EV_Project/install/perception_msgs/share/perception_msgs/cmake/rosidl_cmake_export_typesupport_libraries-extras.cmake
[0.328s] -- Up-to-date: /home/abhiyaan-cu/Driverless_EV_Project/install/perception_msgs/share/perception_msgs/cmake/perception_msgsConfig.cmake
[0.328s] -- Up-to-date: /home/abhiyaan-cu/Driverless_EV_Project/install/perception_msgs/share/perception_msgs/cmake/perception_msgsConfig-version.cmake
[0.328s] -- Up-to-date: /home/abhiyaan-cu/Driverless_EV_Project/install/perception_msgs/share/perception_msgs/package.xml
[0.338s] Invoked command in '/home/abhiyaan-cu/Driverless_EV_Project/build/perception_msgs' returned '0': CMAKE_PREFIX_PATH=${CMAKE_PREFIX_PATH}:/opt/ros/humble /usr/bin/cmake --install /home/abhiyaan-cu/Driverless_EV_Project/build/perception_msgs
