[0.078s] DEBUG:colcon:Command line arguments: ['/usr/bin/colcon', 'build']
[0.078s] DEBUG:colcon:Parsed command line arguments: Namespace(log_base=None, log_level=None, verb_name='build', build_base='build', install_base='install', merge_install=False, symlink_install=False, test_result_base=None, continue_on_error=False, executor='parallel', parallel_workers=20, event_handlers=None, ignore_user_meta=False, metas=['./colcon.meta'], base_paths=['.'], packages_ignore=None, packages_ignore_regex=None, paths=None, packages_up_to=None, packages_up_to_regex=None, packages_above=None, packages_above_and_dependencies=None, packages_above_depth=None, packages_select_by_dep=None, packages_skip_by_dep=None, packages_skip_up_to=None, packages_select_build_failed=False, packages_skip_build_finished=False, packages_select_test_failures=False, packages_skip_test_passed=False, packages_select=None, packages_skip=None, packages_select_regex=None, packages_skip_regex=None, packages_start=None, packages_end=None, allow_overriding=[], cmake_args=None, cmake_target=None, cmake_target_skip_unavailable=False, cmake_clean_cache=False, cmake_clean_first=False, cmake_force_configure=False, ament_cmake_args=None, catkin_cmake_args=None, catkin_skip_building_tests=False, mixin_files=None, mixin=None, verb_parser=<colcon_mixin.mixin.mixin_argument.MixinArgumentDecorator object at 0x7c1d192acb80>, verb_extension=<colcon_core.verb.build.BuildVerb object at 0x7c1d192ac490>, main=<bound method BuildVerb.main of <colcon_core.verb.build.BuildVerb object at 0x7c1d192ac490>>, mixin_verb=('build',))
[0.207s] Level 1:colcon.colcon_core.package_discovery:discover_packages(colcon_meta) check parameters
[0.207s] Level 1:colcon.colcon_core.package_discovery:discover_packages(recursive) check parameters
[0.207s] Level 1:colcon.colcon_core.package_discovery:discover_packages(ignore) check parameters
[0.207s] Level 1:colcon.colcon_core.package_discovery:discover_packages(path) check parameters
[0.207s] Level 1:colcon.colcon_core.package_discovery:discover_packages(colcon_meta) discover
[0.207s] Level 1:colcon.colcon_core.package_discovery:discover_packages(recursive) discover
[0.207s] INFO:colcon.colcon_core.package_discovery:Crawling recursively for packages in '/home/abhiyaan-cu/Driverless_EV_Project'
[0.207s] Level 1:colcon.colcon_core.package_identification:_identify(.) by extensions ['ignore', 'ignore_ament_install']
[0.207s] Level 1:colcon.colcon_core.package_identification:_identify(.) by extension 'ignore'
[0.207s] Level 1:colcon.colcon_core.package_identification:_identify(.) by extension 'ignore_ament_install'
[0.207s] Level 1:colcon.colcon_core.package_identification:_identify(.) by extensions ['colcon_pkg']
[0.207s] Level 1:colcon.colcon_core.package_identification:_identify(.) by extension 'colcon_pkg'
[0.207s] Level 1:colcon.colcon_core.package_identification:_identify(.) by extensions ['colcon_meta']
[0.207s] Level 1:colcon.colcon_core.package_identification:_identify(.) by extension 'colcon_meta'
[0.207s] Level 1:colcon.colcon_core.package_identification:_identify(.) by extensions ['ros']
[0.207s] Level 1:colcon.colcon_core.package_identification:_identify(.) by extension 'ros'
[0.227s] Level 1:colcon.colcon_core.package_identification:_identify(.) by extensions ['cmake', 'python']
[0.227s] Level 1:colcon.colcon_core.package_identification:_identify(.) by extension 'cmake'
[0.227s] Level 1:colcon.colcon_core.package_identification:_identify(.) by extension 'python'
[0.227s] Level 1:colcon.colcon_core.package_identification:_identify(.) by extensions ['python_setup_py']
[0.227s] Level 1:colcon.colcon_core.package_identification:_identify(.) by extension 'python_setup_py'
[0.227s] Level 1:colcon.colcon_core.package_identification:_identify(build) by extensions ['ignore', 'ignore_ament_install']
[0.227s] Level 1:colcon.colcon_core.package_identification:_identify(build) by extension 'ignore'
[0.227s] Level 1:colcon.colcon_core.package_identification:_identify(build) ignored
[0.227s] Level 1:colcon.colcon_core.package_identification:_identify(carla) by extensions ['ignore', 'ignore_ament_install']
[0.227s] Level 1:colcon.colcon_core.package_identification:_identify(carla) by extension 'ignore'
[0.227s] Level 1:colcon.colcon_core.package_identification:_identify(carla) by extension 'ignore_ament_install'
[0.227s] Level 1:colcon.colcon_core.package_identification:_identify(carla) by extensions ['colcon_pkg']
[0.227s] Level 1:colcon.colcon_core.package_identification:_identify(carla) by extension 'colcon_pkg'
[0.227s] Level 1:colcon.colcon_core.package_identification:_identify(carla) by extensions ['colcon_meta']
[0.227s] Level 1:colcon.colcon_core.package_identification:_identify(carla) by extension 'colcon_meta'
[0.227s] Level 1:colcon.colcon_core.package_identification:_identify(carla) by extensions ['ros']
[0.227s] Level 1:colcon.colcon_core.package_identification:_identify(carla) by extension 'ros'
[0.227s] Level 1:colcon.colcon_core.package_identification:_identify(carla) by extensions ['cmake', 'python']
[0.227s] Level 1:colcon.colcon_core.package_identification:_identify(carla) by extension 'cmake'
[0.227s] Level 1:colcon.colcon_core.package_identification:_identify(carla) by extension 'python'
[0.227s] Level 1:colcon.colcon_core.package_identification:_identify(carla) by extensions ['python_setup_py']
[0.227s] Level 1:colcon.colcon_core.package_identification:_identify(carla) by extension 'python_setup_py'
[0.227s] Level 1:colcon.colcon_core.package_identification:_identify(docs) by extensions ['ignore', 'ignore_ament_install']
[0.227s] Level 1:colcon.colcon_core.package_identification:_identify(docs) by extension 'ignore'
[0.227s] Level 1:colcon.colcon_core.package_identification:_identify(docs) by extension 'ignore_ament_install'
[0.227s] Level 1:colcon.colcon_core.package_identification:_identify(docs) by extensions ['colcon_pkg']
[0.227s] Level 1:colcon.colcon_core.package_identification:_identify(docs) by extension 'colcon_pkg'
[0.227s] Level 1:colcon.colcon_core.package_identification:_identify(docs) by extensions ['colcon_meta']
[0.227s] Level 1:colcon.colcon_core.package_identification:_identify(docs) by extension 'colcon_meta'
[0.227s] Level 1:colcon.colcon_core.package_identification:_identify(docs) by extensions ['ros']
[0.227s] Level 1:colcon.colcon_core.package_identification:_identify(docs) by extension 'ros'
[0.227s] Level 1:colcon.colcon_core.package_identification:_identify(docs) by extensions ['cmake', 'python']
[0.227s] Level 1:colcon.colcon_core.package_identification:_identify(docs) by extension 'cmake'
[0.227s] Level 1:colcon.colcon_core.package_identification:_identify(docs) by extension 'python'
[0.228s] Level 1:colcon.colcon_core.package_identification:_identify(docs) by extensions ['python_setup_py']
[0.228s] Level 1:colcon.colcon_core.package_identification:_identify(docs) by extension 'python_setup_py'
[0.228s] Level 1:colcon.colcon_core.package_identification:_identify(install) by extensions ['ignore', 'ignore_ament_install']
[0.228s] Level 1:colcon.colcon_core.package_identification:_identify(install) by extension 'ignore'
[0.228s] Level 1:colcon.colcon_core.package_identification:_identify(install) ignored
[0.228s] Level 1:colcon.colcon_core.package_identification:_identify(log) by extensions ['ignore', 'ignore_ament_install']
[0.228s] Level 1:colcon.colcon_core.package_identification:_identify(log) by extension 'ignore'
[0.228s] Level 1:colcon.colcon_core.package_identification:_identify(log) ignored
[0.228s] Level 1:colcon.colcon_core.package_identification:_identify(perception) by extensions ['ignore', 'ignore_ament_install']
[0.228s] Level 1:colcon.colcon_core.package_identification:_identify(perception) by extension 'ignore'
[0.228s] Level 1:colcon.colcon_core.package_identification:_identify(perception) by extension 'ignore_ament_install'
[0.228s] Level 1:colcon.colcon_core.package_identification:_identify(perception) by extensions ['colcon_pkg']
[0.228s] Level 1:colcon.colcon_core.package_identification:_identify(perception) by extension 'colcon_pkg'
[0.228s] Level 1:colcon.colcon_core.package_identification:_identify(perception) by extensions ['colcon_meta']
[0.228s] Level 1:colcon.colcon_core.package_identification:_identify(perception) by extension 'colcon_meta'
[0.228s] Level 1:colcon.colcon_core.package_identification:_identify(perception) by extensions ['ros']
[0.228s] Level 1:colcon.colcon_core.package_identification:_identify(perception) by extension 'ros'
[0.228s] Level 1:colcon.colcon_core.package_identification:_identify(perception) by extensions ['cmake', 'python']
[0.228s] Level 1:colcon.colcon_core.package_identification:_identify(perception) by extension 'cmake'
[0.228s] Level 1:colcon.colcon_core.package_identification:_identify(perception) by extension 'python'
[0.228s] Level 1:colcon.colcon_core.package_identification:_identify(perception) by extensions ['python_setup_py']
[0.228s] Level 1:colcon.colcon_core.package_identification:_identify(perception) by extension 'python_setup_py'
[0.228s] Level 1:colcon.colcon_core.package_identification:_identify(perception/ouster) by extensions ['ignore', 'ignore_ament_install']
[0.228s] Level 1:colcon.colcon_core.package_identification:_identify(perception/ouster) by extension 'ignore'
[0.228s] Level 1:colcon.colcon_core.package_identification:_identify(perception/ouster) by extension 'ignore_ament_install'
[0.228s] Level 1:colcon.colcon_core.package_identification:_identify(perception/ouster) by extensions ['colcon_pkg']
[0.228s] Level 1:colcon.colcon_core.package_identification:_identify(perception/ouster) by extension 'colcon_pkg'
[0.228s] Level 1:colcon.colcon_core.package_identification:_identify(perception/ouster) by extensions ['colcon_meta']
[0.228s] Level 1:colcon.colcon_core.package_identification:_identify(perception/ouster) by extension 'colcon_meta'
[0.228s] Level 1:colcon.colcon_core.package_identification:_identify(perception/ouster) by extensions ['ros']
[0.228s] Level 1:colcon.colcon_core.package_identification:_identify(perception/ouster) by extension 'ros'
[0.228s] Level 1:colcon.colcon_core.package_identification:_identify(perception/ouster) by extensions ['cmake', 'python']
[0.228s] Level 1:colcon.colcon_core.package_identification:_identify(perception/ouster) by extension 'cmake'
[0.228s] Level 1:colcon.colcon_core.package_identification:_identify(perception/ouster) by extension 'python'
[0.228s] Level 1:colcon.colcon_core.package_identification:_identify(perception/ouster) by extensions ['python_setup_py']
[0.228s] Level 1:colcon.colcon_core.package_identification:_identify(perception/ouster) by extension 'python_setup_py'
[0.228s] Level 1:colcon.colcon_core.package_identification:_identify(perception/realsense) by extensions ['ignore', 'ignore_ament_install']
[0.228s] Level 1:colcon.colcon_core.package_identification:_identify(perception/realsense) by extension 'ignore'
[0.228s] Level 1:colcon.colcon_core.package_identification:_identify(perception/realsense) by extension 'ignore_ament_install'
[0.228s] Level 1:colcon.colcon_core.package_identification:_identify(perception/realsense) by extensions ['colcon_pkg']
[0.228s] Level 1:colcon.colcon_core.package_identification:_identify(perception/realsense) by extension 'colcon_pkg'
[0.228s] Level 1:colcon.colcon_core.package_identification:_identify(perception/realsense) by extensions ['colcon_meta']
[0.228s] Level 1:colcon.colcon_core.package_identification:_identify(perception/realsense) by extension 'colcon_meta'
[0.228s] Level 1:colcon.colcon_core.package_identification:_identify(perception/realsense) by extensions ['ros']
[0.229s] Level 1:colcon.colcon_core.package_identification:_identify(perception/realsense) by extension 'ros'
[0.229s] Level 1:colcon.colcon_core.package_identification:_identify(perception/realsense) by extensions ['cmake', 'python']
[0.229s] Level 1:colcon.colcon_core.package_identification:_identify(perception/realsense) by extension 'cmake'
[0.229s] Level 1:colcon.colcon_core.package_identification:_identify(perception/realsense) by extension 'python'
[0.229s] Level 1:colcon.colcon_core.package_identification:_identify(perception/realsense) by extensions ['python_setup_py']
[0.229s] Level 1:colcon.colcon_core.package_identification:_identify(perception/realsense) by extension 'python_setup_py'
[0.229s] Level 1:colcon.colcon_core.package_identification:_identify(perception/zed) by extensions ['ignore', 'ignore_ament_install']
[0.229s] Level 1:colcon.colcon_core.package_identification:_identify(perception/zed) by extension 'ignore'
[0.229s] Level 1:colcon.colcon_core.package_identification:_identify(perception/zed) by extension 'ignore_ament_install'
[0.229s] Level 1:colcon.colcon_core.package_identification:_identify(perception/zed) by extensions ['colcon_pkg']
[0.229s] Level 1:colcon.colcon_core.package_identification:_identify(perception/zed) by extension 'colcon_pkg'
[0.229s] Level 1:colcon.colcon_core.package_identification:_identify(perception/zed) by extensions ['colcon_meta']
[0.229s] Level 1:colcon.colcon_core.package_identification:_identify(perception/zed) by extension 'colcon_meta'
[0.229s] Level 1:colcon.colcon_core.package_identification:_identify(perception/zed) by extensions ['ros']
[0.229s] Level 1:colcon.colcon_core.package_identification:_identify(perception/zed) by extension 'ros'
[0.229s] Level 1:colcon.colcon_core.package_identification:_identify(perception/zed) by extensions ['cmake', 'python']
[0.229s] Level 1:colcon.colcon_core.package_identification:_identify(perception/zed) by extension 'cmake'
[0.229s] Level 1:colcon.colcon_core.package_identification:_identify(perception/zed) by extension 'python'
[0.229s] Level 1:colcon.colcon_core.package_identification:_identify(perception/zed) by extensions ['python_setup_py']
[0.229s] Level 1:colcon.colcon_core.package_identification:_identify(perception/zed) by extension 'python_setup_py'
[0.229s] Level 1:colcon.colcon_core.package_identification:_identify(src) by extensions ['ignore', 'ignore_ament_install']
[0.229s] Level 1:colcon.colcon_core.package_identification:_identify(src) by extension 'ignore'
[0.229s] Level 1:colcon.colcon_core.package_identification:_identify(src) by extension 'ignore_ament_install'
[0.229s] Level 1:colcon.colcon_core.package_identification:_identify(src) by extensions ['colcon_pkg']
[0.229s] Level 1:colcon.colcon_core.package_identification:_identify(src) by extension 'colcon_pkg'
[0.229s] Level 1:colcon.colcon_core.package_identification:_identify(src) by extensions ['colcon_meta']
[0.229s] Level 1:colcon.colcon_core.package_identification:_identify(src) by extension 'colcon_meta'
[0.229s] Level 1:colcon.colcon_core.package_identification:_identify(src) by extensions ['ros']
[0.229s] Level 1:colcon.colcon_core.package_identification:_identify(src) by extension 'ros'
[0.229s] Level 1:colcon.colcon_core.package_identification:_identify(src) by extensions ['cmake', 'python']
[0.229s] Level 1:colcon.colcon_core.package_identification:_identify(src) by extension 'cmake'
[0.229s] Level 1:colcon.colcon_core.package_identification:_identify(src) by extension 'python'
[0.229s] Level 1:colcon.colcon_core.package_identification:_identify(src) by extensions ['python_setup_py']
[0.229s] Level 1:colcon.colcon_core.package_identification:_identify(src) by extension 'python_setup_py'
[0.229s] Level 1:colcon.colcon_core.package_identification:_identify(src/perception_msgs) by extensions ['ignore', 'ignore_ament_install']
[0.229s] Level 1:colcon.colcon_core.package_identification:_identify(src/perception_msgs) by extension 'ignore'
[0.229s] Level 1:colcon.colcon_core.package_identification:_identify(src/perception_msgs) by extension 'ignore_ament_install'
[0.229s] Level 1:colcon.colcon_core.package_identification:_identify(src/perception_msgs) by extensions ['colcon_pkg']
[0.229s] Level 1:colcon.colcon_core.package_identification:_identify(src/perception_msgs) by extension 'colcon_pkg'
[0.229s] Level 1:colcon.colcon_core.package_identification:_identify(src/perception_msgs) by extensions ['colcon_meta']
[0.229s] Level 1:colcon.colcon_core.package_identification:_identify(src/perception_msgs) by extension 'colcon_meta'
[0.229s] Level 1:colcon.colcon_core.package_identification:_identify(src/perception_msgs) by extensions ['ros']
[0.229s] Level 1:colcon.colcon_core.package_identification:_identify(src/perception_msgs) by extension 'ros'
[0.232s] DEBUG:colcon.colcon_core.package_identification:Package 'src/perception_msgs' with type 'ros.ament_cmake' and name 'perception_msgs'
[0.232s] Level 1:colcon.colcon_core.package_identification:_identify(src/sensor_fusion) by extensions ['ignore', 'ignore_ament_install']
[0.232s] Level 1:colcon.colcon_core.package_identification:_identify(src/sensor_fusion) by extension 'ignore'
[0.232s] Level 1:colcon.colcon_core.package_identification:_identify(src/sensor_fusion) by extension 'ignore_ament_install'
[0.232s] Level 1:colcon.colcon_core.package_identification:_identify(src/sensor_fusion) by extensions ['colcon_pkg']
[0.232s] Level 1:colcon.colcon_core.package_identification:_identify(src/sensor_fusion) by extension 'colcon_pkg'
[0.232s] Level 1:colcon.colcon_core.package_identification:_identify(src/sensor_fusion) by extensions ['colcon_meta']
[0.232s] Level 1:colcon.colcon_core.package_identification:_identify(src/sensor_fusion) by extension 'colcon_meta'
[0.232s] Level 1:colcon.colcon_core.package_identification:_identify(src/sensor_fusion) by extensions ['ros']
[0.232s] Level 1:colcon.colcon_core.package_identification:_identify(src/sensor_fusion) by extension 'ros'
[0.233s] DEBUG:colcon.colcon_core.package_identification:Package 'src/sensor_fusion' with type 'ros.ament_cmake' and name 'sensor_fusion'
[0.233s] Level 1:colcon.colcon_core.package_discovery:discover_packages(recursive) using defaults
[0.233s] Level 1:colcon.colcon_core.package_discovery:discover_packages(ignore) discover
[0.233s] Level 1:colcon.colcon_core.package_discovery:discover_packages(ignore) using defaults
[0.233s] Level 1:colcon.colcon_core.package_discovery:discover_packages(path) discover
[0.233s] Level 1:colcon.colcon_core.package_discovery:discover_packages(path) using defaults
[0.250s] Level 1:colcon.colcon_core.package_discovery:discover_packages(prefix_path) check parameters
[0.250s] Level 1:colcon.colcon_core.package_discovery:discover_packages(prefix_path) discover
[0.251s] DEBUG:colcon.colcon_installed_package_information.package_discovery:Found 2 installed packages in /home/abhiyaan-cu/Driverless_EV_Project/install
[0.252s] DEBUG:colcon.colcon_installed_package_information.package_discovery:Found 383 installed packages in /opt/ros/humble
[0.253s] Level 1:colcon.colcon_core.package_discovery:discover_packages(prefix_path) using defaults
[0.279s] Level 5:colcon.colcon_core.verb:set package 'perception_msgs' build argument 'cmake_args' from command line to 'None'
[0.279s] Level 5:colcon.colcon_core.verb:set package 'perception_msgs' build argument 'cmake_target' from command line to 'None'
[0.279s] Level 5:colcon.colcon_core.verb:set package 'perception_msgs' build argument 'cmake_target_skip_unavailable' from command line to 'False'
[0.279s] Level 5:colcon.colcon_core.verb:set package 'perception_msgs' build argument 'cmake_clean_cache' from command line to 'False'
[0.279s] Level 5:colcon.colcon_core.verb:set package 'perception_msgs' build argument 'cmake_clean_first' from command line to 'False'
[0.280s] Level 5:colcon.colcon_core.verb:set package 'perception_msgs' build argument 'cmake_force_configure' from command line to 'False'
[0.280s] Level 5:colcon.colcon_core.verb:set package 'perception_msgs' build argument 'ament_cmake_args' from command line to 'None'
[0.280s] Level 5:colcon.colcon_core.verb:set package 'perception_msgs' build argument 'catkin_cmake_args' from command line to 'None'
[0.280s] Level 5:colcon.colcon_core.verb:set package 'perception_msgs' build argument 'catkin_skip_building_tests' from command line to 'False'
[0.280s] DEBUG:colcon.colcon_core.verb:Building package 'perception_msgs' with the following arguments: {'ament_cmake_args': None, 'build_base': '/home/abhiyaan-cu/Driverless_EV_Project/build/perception_msgs', 'catkin_cmake_args': None, 'catkin_skip_building_tests': False, 'cmake_args': None, 'cmake_clean_cache': False, 'cmake_clean_first': False, 'cmake_force_configure': False, 'cmake_target': None, 'cmake_target_skip_unavailable': False, 'install_base': '/home/abhiyaan-cu/Driverless_EV_Project/install/perception_msgs', 'merge_install': False, 'path': '/home/abhiyaan-cu/Driverless_EV_Project/src/perception_msgs', 'symlink_install': False, 'test_result_base': None}
[0.280s] Level 5:colcon.colcon_core.verb:set package 'sensor_fusion' build argument 'cmake_args' from command line to 'None'
[0.280s] Level 5:colcon.colcon_core.verb:set package 'sensor_fusion' build argument 'cmake_target' from command line to 'None'
[0.280s] Level 5:colcon.colcon_core.verb:set package 'sensor_fusion' build argument 'cmake_target_skip_unavailable' from command line to 'False'
[0.280s] Level 5:colcon.colcon_core.verb:set package 'sensor_fusion' build argument 'cmake_clean_cache' from command line to 'False'
[0.280s] Level 5:colcon.colcon_core.verb:set package 'sensor_fusion' build argument 'cmake_clean_first' from command line to 'False'
[0.280s] Level 5:colcon.colcon_core.verb:set package 'sensor_fusion' build argument 'cmake_force_configure' from command line to 'False'
[0.280s] Level 5:colcon.colcon_core.verb:set package 'sensor_fusion' build argument 'ament_cmake_args' from command line to 'None'
[0.280s] Level 5:colcon.colcon_core.verb:set package 'sensor_fusion' build argument 'catkin_cmake_args' from command line to 'None'
[0.280s] Level 5:colcon.colcon_core.verb:set package 'sensor_fusion' build argument 'catkin_skip_building_tests' from command line to 'False'
[0.280s] DEBUG:colcon.colcon_core.verb:Building package 'sensor_fusion' with the following arguments: {'ament_cmake_args': None, 'build_base': '/home/abhiyaan-cu/Driverless_EV_Project/build/sensor_fusion', 'catkin_cmake_args': None, 'catkin_skip_building_tests': False, 'cmake_args': None, 'cmake_clean_cache': False, 'cmake_clean_first': False, 'cmake_force_configure': False, 'cmake_target': None, 'cmake_target_skip_unavailable': False, 'install_base': '/home/abhiyaan-cu/Driverless_EV_Project/install/sensor_fusion', 'merge_install': False, 'path': '/home/abhiyaan-cu/Driverless_EV_Project/src/sensor_fusion', 'symlink_install': False, 'test_result_base': None}
[0.280s] INFO:colcon.colcon_core.executor:Executing jobs using 'parallel' executor
[0.281s] DEBUG:colcon.colcon_parallel_executor.executor.parallel:run_until_complete
[0.281s] INFO:colcon.colcon_ros.task.ament_cmake.build:Building ROS package in '/home/abhiyaan-cu/Driverless_EV_Project/src/perception_msgs' with build type 'ament_cmake'
[0.282s] INFO:colcon.colcon_cmake.task.cmake.build:Building CMake package in '/home/abhiyaan-cu/Driverless_EV_Project/src/perception_msgs'
[0.283s] INFO:colcon.colcon_core.plugin_system:Skipping extension 'colcon_core.shell.bat': Not used on non-Windows systems
[0.283s] INFO:colcon.colcon_core.shell:Skip shell extension 'powershell' for command environment: Not usable outside of PowerShell
[0.283s] DEBUG:colcon.colcon_core.shell:Skip shell extension 'dsv' for command environment
[0.285s] INFO:colcon.colcon_ros.task.ament_cmake.build:Building ROS package in '/home/abhiyaan-cu/Driverless_EV_Project/src/sensor_fusion' with build type 'ament_cmake'
[0.285s] INFO:colcon.colcon_cmake.task.cmake.build:Building CMake package in '/home/abhiyaan-cu/Driverless_EV_Project/src/sensor_fusion'
[0.286s] INFO:colcon.colcon_core.shell:Skip shell extension 'powershell' for command environment: Not usable outside of PowerShell
[0.286s] DEBUG:colcon.colcon_core.shell:Skip shell extension 'dsv' for command environment
[0.291s] DEBUG:colcon.colcon_core.event_handler.log_command:Invoking command in '/home/abhiyaan-cu/Driverless_EV_Project/build/perception_msgs': CMAKE_PREFIX_PATH=${CMAKE_PREFIX_PATH}:/opt/ros/humble /usr/bin/cmake --build /home/abhiyaan-cu/Driverless_EV_Project/build/perception_msgs -- -j20 -l20
[0.294s] DEBUG:colcon.colcon_core.event_handler.log_command:Invoking command in '/home/abhiyaan-cu/Driverless_EV_Project/build/sensor_fusion': CMAKE_PREFIX_PATH=${CMAKE_PREFIX_PATH}:/opt/ros/humble /usr/bin/cmake --build /home/abhiyaan-cu/Driverless_EV_Project/build/sensor_fusion -- -j20 -l20
[0.578s] DEBUG:colcon.colcon_core.event_handler.log_command:Invoked command in '/home/abhiyaan-cu/Driverless_EV_Project/build/perception_msgs' returned '0': CMAKE_PREFIX_PATH=${CMAKE_PREFIX_PATH}:/opt/ros/humble /usr/bin/cmake --build /home/abhiyaan-cu/Driverless_EV_Project/build/perception_msgs -- -j20 -l20
[0.586s] DEBUG:colcon.colcon_core.event_handler.log_command:Invoking command in '/home/abhiyaan-cu/Driverless_EV_Project/build/perception_msgs': CMAKE_PREFIX_PATH=${CMAKE_PREFIX_PATH}:/opt/ros/humble /usr/bin/cmake --install /home/abhiyaan-cu/Driverless_EV_Project/build/perception_msgs
[0.613s] DEBUG:colcon.colcon_core.event_handler.log_command:Invoked command in '/home/abhiyaan-cu/Driverless_EV_Project/build/sensor_fusion' returned '0': CMAKE_PREFIX_PATH=${CMAKE_PREFIX_PATH}:/opt/ros/humble /usr/bin/cmake --build /home/abhiyaan-cu/Driverless_EV_Project/build/sensor_fusion -- -j20 -l20
[0.615s] DEBUG:colcon.colcon_core.event_handler.log_command:Invoking command in '/home/abhiyaan-cu/Driverless_EV_Project/build/sensor_fusion': CMAKE_PREFIX_PATH=${CMAKE_PREFIX_PATH}:/opt/ros/humble /usr/bin/cmake --install /home/abhiyaan-cu/Driverless_EV_Project/build/sensor_fusion
[0.631s] Level 1:colcon.colcon_core.environment:create_environment_scripts_only(perception_msgs)
[0.632s] DEBUG:colcon.colcon_core.event_handler.log_command:Invoked command in '/home/abhiyaan-cu/Driverless_EV_Project/build/perception_msgs' returned '0': CMAKE_PREFIX_PATH=${CMAKE_PREFIX_PATH}:/opt/ros/humble /usr/bin/cmake --install /home/abhiyaan-cu/Driverless_EV_Project/build/perception_msgs
[0.633s] Level 1:colcon.colcon_core.environment:checking '/home/abhiyaan-cu/Driverless_EV_Project/install/perception_msgs' for CMake module files
[0.634s] Level 1:colcon.colcon_core.environment:checking '/home/abhiyaan-cu/Driverless_EV_Project/install/perception_msgs' for CMake config files
[0.634s] Level 1:colcon.colcon_core.shell:create_environment_hook('perception_msgs', 'cmake_prefix_path')
[0.634s] INFO:colcon.colcon_core.shell:Creating environment hook '/home/abhiyaan-cu/Driverless_EV_Project/install/perception_msgs/share/perception_msgs/hook/cmake_prefix_path.ps1'
[0.635s] INFO:colcon.colcon_core.shell:Creating environment descriptor '/home/abhiyaan-cu/Driverless_EV_Project/install/perception_msgs/share/perception_msgs/hook/cmake_prefix_path.dsv'
[0.635s] INFO:colcon.colcon_core.shell:Creating environment hook '/home/abhiyaan-cu/Driverless_EV_Project/install/perception_msgs/share/perception_msgs/hook/cmake_prefix_path.sh'
[0.636s] Level 1:colcon.colcon_core.environment:checking '/home/abhiyaan-cu/Driverless_EV_Project/install/perception_msgs/lib'
[0.636s] Level 1:colcon.colcon_core.shell:create_environment_hook('perception_msgs', 'ld_library_path_lib')
[0.636s] INFO:colcon.colcon_core.shell:Creating environment hook '/home/abhiyaan-cu/Driverless_EV_Project/install/perception_msgs/share/perception_msgs/hook/ld_library_path_lib.ps1'
[0.637s] INFO:colcon.colcon_core.shell:Creating environment descriptor '/home/abhiyaan-cu/Driverless_EV_Project/install/perception_msgs/share/perception_msgs/hook/ld_library_path_lib.dsv'
[0.637s] INFO:colcon.colcon_core.shell:Creating environment hook '/home/abhiyaan-cu/Driverless_EV_Project/install/perception_msgs/share/perception_msgs/hook/ld_library_path_lib.sh'
[0.637s] Level 1:colcon.colcon_core.environment:checking '/home/abhiyaan-cu/Driverless_EV_Project/install/perception_msgs/bin'
[0.637s] Level 1:colcon.colcon_core.environment:checking '/home/abhiyaan-cu/Driverless_EV_Project/install/perception_msgs/lib/pkgconfig/perception_msgs.pc'
[0.637s] Level 1:colcon.colcon_core.environment:checking '/home/abhiyaan-cu/Driverless_EV_Project/install/perception_msgs/lib/python3.10/site-packages'
[0.637s] Level 1:colcon.colcon_core.environment:checking '/home/abhiyaan-cu/Driverless_EV_Project/install/perception_msgs/bin'
[0.638s] INFO:colcon.colcon_core.shell:Creating package script '/home/abhiyaan-cu/Driverless_EV_Project/install/perception_msgs/share/perception_msgs/package.ps1'
[0.638s] INFO:colcon.colcon_core.shell:Creating package descriptor '/home/abhiyaan-cu/Driverless_EV_Project/install/perception_msgs/share/perception_msgs/package.dsv'
[0.639s] INFO:colcon.colcon_core.shell:Creating package script '/home/abhiyaan-cu/Driverless_EV_Project/install/perception_msgs/share/perception_msgs/package.sh'
[0.639s] INFO:colcon.colcon_core.shell:Creating package script '/home/abhiyaan-cu/Driverless_EV_Project/install/perception_msgs/share/perception_msgs/package.bash'
[0.639s] INFO:colcon.colcon_core.shell:Creating package script '/home/abhiyaan-cu/Driverless_EV_Project/install/perception_msgs/share/perception_msgs/package.zsh'
[0.640s] Level 1:colcon.colcon_core.environment:create_file_with_runtime_dependencies(/home/abhiyaan-cu/Driverless_EV_Project/install/perception_msgs/share/colcon-core/packages/perception_msgs)
[0.640s] Level 1:colcon.colcon_core.environment:create_environment_scripts_only(perception_msgs)
[0.640s] Level 1:colcon.colcon_core.environment:checking '/home/abhiyaan-cu/Driverless_EV_Project/install/perception_msgs' for CMake module files
[0.641s] Level 1:colcon.colcon_core.environment:checking '/home/abhiyaan-cu/Driverless_EV_Project/install/perception_msgs' for CMake config files
[0.641s] Level 1:colcon.colcon_core.shell:create_environment_hook('perception_msgs', 'cmake_prefix_path')
[0.641s] INFO:colcon.colcon_core.shell:Creating environment hook '/home/abhiyaan-cu/Driverless_EV_Project/install/perception_msgs/share/perception_msgs/hook/cmake_prefix_path.ps1'
[0.641s] INFO:colcon.colcon_core.shell:Creating environment descriptor '/home/abhiyaan-cu/Driverless_EV_Project/install/perception_msgs/share/perception_msgs/hook/cmake_prefix_path.dsv'
[0.642s] INFO:colcon.colcon_core.shell:Creating environment hook '/home/abhiyaan-cu/Driverless_EV_Project/install/perception_msgs/share/perception_msgs/hook/cmake_prefix_path.sh'
[0.642s] Level 1:colcon.colcon_core.environment:checking '/home/abhiyaan-cu/Driverless_EV_Project/install/perception_msgs/lib'
[0.642s] Level 1:colcon.colcon_core.shell:create_environment_hook('perception_msgs', 'ld_library_path_lib')
[0.642s] INFO:colcon.colcon_core.shell:Creating environment hook '/home/abhiyaan-cu/Driverless_EV_Project/install/perception_msgs/share/perception_msgs/hook/ld_library_path_lib.ps1'
[0.642s] INFO:colcon.colcon_core.shell:Creating environment descriptor '/home/abhiyaan-cu/Driverless_EV_Project/install/perception_msgs/share/perception_msgs/hook/ld_library_path_lib.dsv'
[0.642s] INFO:colcon.colcon_core.shell:Creating environment hook '/home/abhiyaan-cu/Driverless_EV_Project/install/perception_msgs/share/perception_msgs/hook/ld_library_path_lib.sh'
[0.643s] Level 1:colcon.colcon_core.environment:checking '/home/abhiyaan-cu/Driverless_EV_Project/install/perception_msgs/bin'
[0.643s] Level 1:colcon.colcon_core.environment:checking '/home/abhiyaan-cu/Driverless_EV_Project/install/perception_msgs/lib/pkgconfig/perception_msgs.pc'
[0.643s] Level 1:colcon.colcon_core.environment:checking '/home/abhiyaan-cu/Driverless_EV_Project/install/perception_msgs/lib/python3.10/site-packages'
[0.643s] Level 1:colcon.colcon_core.environment:checking '/home/abhiyaan-cu/Driverless_EV_Project/install/perception_msgs/bin'
[0.643s] INFO:colcon.colcon_core.shell:Creating package script '/home/abhiyaan-cu/Driverless_EV_Project/install/perception_msgs/share/perception_msgs/package.ps1'
[0.644s] INFO:colcon.colcon_core.shell:Creating package descriptor '/home/abhiyaan-cu/Driverless_EV_Project/install/perception_msgs/share/perception_msgs/package.dsv'
[0.644s] INFO:colcon.colcon_core.shell:Creating package script '/home/abhiyaan-cu/Driverless_EV_Project/install/perception_msgs/share/perception_msgs/package.sh'
[0.644s] INFO:colcon.colcon_core.shell:Creating package script '/home/abhiyaan-cu/Driverless_EV_Project/install/perception_msgs/share/perception_msgs/package.bash'
[0.644s] INFO:colcon.colcon_core.shell:Creating package script '/home/abhiyaan-cu/Driverless_EV_Project/install/perception_msgs/share/perception_msgs/package.zsh'
[0.645s] Level 1:colcon.colcon_core.environment:create_file_with_runtime_dependencies(/home/abhiyaan-cu/Driverless_EV_Project/install/perception_msgs/share/colcon-core/packages/perception_msgs)
[0.658s] Level 1:colcon.colcon_core.environment:create_environment_scripts_only(sensor_fusion)
[0.659s] Level 1:colcon.colcon_core.environment:checking '/home/abhiyaan-cu/Driverless_EV_Project/install/sensor_fusion' for CMake module files
[0.659s] DEBUG:colcon.colcon_core.event_handler.log_command:Invoked command in '/home/abhiyaan-cu/Driverless_EV_Project/build/sensor_fusion' returned '0': CMAKE_PREFIX_PATH=${CMAKE_PREFIX_PATH}:/opt/ros/humble /usr/bin/cmake --install /home/abhiyaan-cu/Driverless_EV_Project/build/sensor_fusion
[0.659s] Level 1:colcon.colcon_core.environment:checking '/home/abhiyaan-cu/Driverless_EV_Project/install/sensor_fusion' for CMake config files
[0.660s] Level 1:colcon.colcon_core.shell:create_environment_hook('sensor_fusion', 'cmake_prefix_path')
[0.660s] INFO:colcon.colcon_core.shell:Creating environment hook '/home/abhiyaan-cu/Driverless_EV_Project/install/sensor_fusion/share/sensor_fusion/hook/cmake_prefix_path.ps1'
[0.660s] INFO:colcon.colcon_core.shell:Creating environment descriptor '/home/abhiyaan-cu/Driverless_EV_Project/install/sensor_fusion/share/sensor_fusion/hook/cmake_prefix_path.dsv'
[0.661s] INFO:colcon.colcon_core.shell:Creating environment hook '/home/abhiyaan-cu/Driverless_EV_Project/install/sensor_fusion/share/sensor_fusion/hook/cmake_prefix_path.sh'
[0.661s] Level 1:colcon.colcon_core.environment:checking '/home/abhiyaan-cu/Driverless_EV_Project/install/sensor_fusion/lib'
[0.661s] Level 1:colcon.colcon_core.environment:checking '/home/abhiyaan-cu/Driverless_EV_Project/install/sensor_fusion/bin'
[0.661s] Level 1:colcon.colcon_core.environment:checking '/home/abhiyaan-cu/Driverless_EV_Project/install/sensor_fusion/lib/pkgconfig/sensor_fusion.pc'
[0.661s] Level 1:colcon.colcon_core.environment:checking '/home/abhiyaan-cu/Driverless_EV_Project/install/sensor_fusion/lib/python3.10/site-packages'
[0.661s] Level 1:colcon.colcon_core.environment:checking '/home/abhiyaan-cu/Driverless_EV_Project/install/sensor_fusion/bin'
[0.662s] INFO:colcon.colcon_core.shell:Creating package script '/home/abhiyaan-cu/Driverless_EV_Project/install/sensor_fusion/share/sensor_fusion/package.ps1'
[0.662s] INFO:colcon.colcon_core.shell:Creating package descriptor '/home/abhiyaan-cu/Driverless_EV_Project/install/sensor_fusion/share/sensor_fusion/package.dsv'
[0.662s] INFO:colcon.colcon_core.shell:Creating package script '/home/abhiyaan-cu/Driverless_EV_Project/install/sensor_fusion/share/sensor_fusion/package.sh'
[0.662s] INFO:colcon.colcon_core.shell:Creating package script '/home/abhiyaan-cu/Driverless_EV_Project/install/sensor_fusion/share/sensor_fusion/package.bash'
[0.663s] INFO:colcon.colcon_core.shell:Creating package script '/home/abhiyaan-cu/Driverless_EV_Project/install/sensor_fusion/share/sensor_fusion/package.zsh'
[0.663s] Level 1:colcon.colcon_core.environment:create_file_with_runtime_dependencies(/home/abhiyaan-cu/Driverless_EV_Project/install/sensor_fusion/share/colcon-core/packages/sensor_fusion)
[0.663s] Level 1:colcon.colcon_core.environment:create_environment_scripts_only(sensor_fusion)
[0.663s] Level 1:colcon.colcon_core.environment:checking '/home/abhiyaan-cu/Driverless_EV_Project/install/sensor_fusion' for CMake module files
[0.664s] Level 1:colcon.colcon_core.environment:checking '/home/abhiyaan-cu/Driverless_EV_Project/install/sensor_fusion' for CMake config files
[0.664s] Level 1:colcon.colcon_core.shell:create_environment_hook('sensor_fusion', 'cmake_prefix_path')
[0.664s] INFO:colcon.colcon_core.shell:Creating environment hook '/home/abhiyaan-cu/Driverless_EV_Project/install/sensor_fusion/share/sensor_fusion/hook/cmake_prefix_path.ps1'
[0.664s] INFO:colcon.colcon_core.shell:Creating environment descriptor '/home/abhiyaan-cu/Driverless_EV_Project/install/sensor_fusion/share/sensor_fusion/hook/cmake_prefix_path.dsv'
[0.664s] INFO:colcon.colcon_core.shell:Creating environment hook '/home/abhiyaan-cu/Driverless_EV_Project/install/sensor_fusion/share/sensor_fusion/hook/cmake_prefix_path.sh'
[0.665s] Level 1:colcon.colcon_core.environment:checking '/home/abhiyaan-cu/Driverless_EV_Project/install/sensor_fusion/lib'
[0.665s] Level 1:colcon.colcon_core.environment:checking '/home/abhiyaan-cu/Driverless_EV_Project/install/sensor_fusion/bin'
[0.665s] Level 1:colcon.colcon_core.environment:checking '/home/abhiyaan-cu/Driverless_EV_Project/install/sensor_fusion/lib/pkgconfig/sensor_fusion.pc'
[0.665s] Level 1:colcon.colcon_core.environment:checking '/home/abhiyaan-cu/Driverless_EV_Project/install/sensor_fusion/lib/python3.10/site-packages'
[0.665s] Level 1:colcon.colcon_core.environment:checking '/home/abhiyaan-cu/Driverless_EV_Project/install/sensor_fusion/bin'
[0.665s] INFO:colcon.colcon_core.shell:Creating package script '/home/abhiyaan-cu/Driverless_EV_Project/install/sensor_fusion/share/sensor_fusion/package.ps1'
[0.665s] INFO:colcon.colcon_core.shell:Creating package descriptor '/home/abhiyaan-cu/Driverless_EV_Project/install/sensor_fusion/share/sensor_fusion/package.dsv'
[0.666s] INFO:colcon.colcon_core.shell:Creating package script '/home/abhiyaan-cu/Driverless_EV_Project/install/sensor_fusion/share/sensor_fusion/package.sh'
[0.666s] INFO:colcon.colcon_core.shell:Creating package script '/home/abhiyaan-cu/Driverless_EV_Project/install/sensor_fusion/share/sensor_fusion/package.bash'
[0.666s] INFO:colcon.colcon_core.shell:Creating package script '/home/abhiyaan-cu/Driverless_EV_Project/install/sensor_fusion/share/sensor_fusion/package.zsh'
[0.666s] Level 1:colcon.colcon_core.environment:create_file_with_runtime_dependencies(/home/abhiyaan-cu/Driverless_EV_Project/install/sensor_fusion/share/colcon-core/packages/sensor_fusion)
[0.667s] DEBUG:colcon.colcon_parallel_executor.executor.parallel:closing loop
[0.667s] DEBUG:colcon.colcon_parallel_executor.executor.parallel:loop closed
[0.667s] DEBUG:colcon.colcon_parallel_executor.executor.parallel:run_until_complete finished with '0'
[0.667s] DEBUG:colcon.colcon_core.event_reactor:joining thread
[0.672s] INFO:colcon.colcon_core.plugin_system:Skipping extension 'colcon_notification.desktop_notification.terminal_notifier': Not used on non-Darwin systems
[0.672s] INFO:colcon.colcon_core.plugin_system:Skipping extension 'colcon_notification.desktop_notification.win32': Not used on non-Windows systems
[0.672s] INFO:colcon.colcon_notification.desktop_notification:Sending desktop notification using 'notify2'
[0.684s] DEBUG:colcon.colcon_core.event_reactor:joined thread
[0.684s] INFO:colcon.colcon_core.shell:Creating prefix script '/home/abhiyaan-cu/Driverless_EV_Project/install/local_setup.ps1'
[0.685s] INFO:colcon.colcon_core.shell:Creating prefix util module '/home/abhiyaan-cu/Driverless_EV_Project/install/_local_setup_util_ps1.py'
[0.686s] INFO:colcon.colcon_core.shell:Creating prefix chain script '/home/abhiyaan-cu/Driverless_EV_Project/install/setup.ps1'
[0.687s] INFO:colcon.colcon_core.shell:Creating prefix script '/home/abhiyaan-cu/Driverless_EV_Project/install/local_setup.sh'
[0.687s] INFO:colcon.colcon_core.shell:Creating prefix util module '/home/abhiyaan-cu/Driverless_EV_Project/install/_local_setup_util_sh.py'
[0.688s] INFO:colcon.colcon_core.shell:Creating prefix chain script '/home/abhiyaan-cu/Driverless_EV_Project/install/setup.sh'
[0.688s] INFO:colcon.colcon_core.shell:Creating prefix script '/home/abhiyaan-cu/Driverless_EV_Project/install/local_setup.bash'
[0.689s] INFO:colcon.colcon_core.shell:Creating prefix chain script '/home/abhiyaan-cu/Driverless_EV_Project/install/setup.bash'
[0.690s] INFO:colcon.colcon_core.shell:Creating prefix script '/home/abhiyaan-cu/Driverless_EV_Project/install/local_setup.zsh'
[0.690s] INFO:colcon.colcon_core.shell:Creating prefix chain script '/home/abhiyaan-cu/Driverless_EV_Project/install/setup.zsh'
