-- The C compiler identification is GNU 11.4.0
-- The CXX compiler identification is GNU 11.4.0
-- Detecting C compiler ABI info
-- Detecting C compiler ABI info - done
-- Check for working C compiler: /usr/lib/ccache/gcc - skipped
-- Detecting C compile features
-- Detecting C compile features - done
-- Detecting CXX compiler ABI info
-- Detecting CXX compiler ABI info - done
-- Check for working CXX compiler: /usr/lib/ccache/g++ - skipped
-- Detecting CXX compile features
-- Detecting CXX compile features - done
-- Found ament_cmake: 1.3.12 (/opt/ros/humble/share/ament_cmake/cmake)
-- Found Python3: /usr/bin/python3 (found version "3.10.12") found components: Interpreter 
-- Found rclcpp: 16.0.14 (/opt/ros/humble/share/rclcpp/cmake)
-- Found rosidl_generator_c: 3.1.7 (/opt/ros/humble/share/rosidl_generator_c/cmake)
-- Found rosidl_adapter: 3.1.7 (/opt/ros/humble/share/rosidl_adapter/cmake)
-- Found rosidl_generator_cpp: 3.1.7 (/opt/ros/humble/share/rosidl_generator_cpp/cmake)
-- Using all available rosidl_typesupport_c: rosidl_typesupport_fastrtps_c;rosidl_typesupport_introspection_c
-- Using all available rosidl_typesupport_cpp: rosidl_typesupport_fastrtps_cpp;rosidl_typesupport_introspection_cpp
-- Found rmw_implementation_cmake: 6.1.2 (/opt/ros/humble/share/rmw_implementation_cmake/cmake)
-- Found rmw_cyclonedds_cpp: 1.3.4 (/opt/ros/humble/share/rmw_cyclonedds_cpp/cmake)
-- Using RMW implementation 'rmw_cyclonedds_cpp' as default
-- Looking for pthread.h
-- Looking for pthread.h - found
-- Performing Test CMAKE_HAVE_LIBC_PTHREAD
-- Performing Test CMAKE_HAVE_LIBC_PTHREAD - Success
-- Found Threads: TRUE  
-- Found rclpy: 3.3.17 (/opt/ros/humble/share/rclpy/cmake)
-- Found geometry_msgs: 4.9.0 (/opt/ros/humble/share/geometry_msgs/cmake)
-- Configuring done
-- Generating done
-- Build files have been written to: /home/abhiyaan-cu/Driverless_EV_Project/build/sensor_fusion
Built target ament_cmake_python_copy_sensor_fusion
running egg_info
creating sensor_fusion.egg-info
writing sensor_fusion.egg-info/PKG-INFO
writing dependency_links to sensor_fusion.egg-info/dependency_links.txt
writing top-level names to sensor_fusion.egg-info/top_level.txt
writing manifest file 'sensor_fusion.egg-info/SOURCES.txt'
reading manifest file 'sensor_fusion.egg-info/SOURCES.txt'
writing manifest file 'sensor_fusion.egg-info/SOURCES.txt'
Built target ament_cmake_python_build_sensor_fusion_egg
-- Install configuration: ""
-- Installing: /home/abhiyaan-cu/Driverless_EV_Project/install/sensor_fusion/share/sensor_fusion/environment/pythonpath.sh
-- Installing: /home/abhiyaan-cu/Driverless_EV_Project/install/sensor_fusion/share/sensor_fusion/environment/pythonpath.dsv
-- Installing: /home/abhiyaan-cu/Driverless_EV_Project/install/sensor_fusion/local/lib/python3.10/dist-packages/sensor_fusion-0.0.1-py3.10.egg-info
-- Installing: /home/abhiyaan-cu/Driverless_EV_Project/install/sensor_fusion/local/lib/python3.10/dist-packages/sensor_fusion-0.0.1-py3.10.egg-info/PKG-INFO
-- Installing: /home/abhiyaan-cu/Driverless_EV_Project/install/sensor_fusion/local/lib/python3.10/dist-packages/sensor_fusion-0.0.1-py3.10.egg-info/dependency_links.txt
-- Installing: /home/abhiyaan-cu/Driverless_EV_Project/install/sensor_fusion/local/lib/python3.10/dist-packages/sensor_fusion-0.0.1-py3.10.egg-info/top_level.txt
-- Installing: /home/abhiyaan-cu/Driverless_EV_Project/install/sensor_fusion/local/lib/python3.10/dist-packages/sensor_fusion-0.0.1-py3.10.egg-info/SOURCES.txt
-- Installing: /home/abhiyaan-cu/Driverless_EV_Project/install/sensor_fusion/local/lib/python3.10/dist-packages/sensor_fusion
-- Installing: /home/abhiyaan-cu/Driverless_EV_Project/install/sensor_fusion/local/lib/python3.10/dist-packages/sensor_fusion/fusion_node.py
-- Installing: /home/abhiyaan-cu/Driverless_EV_Project/install/sensor_fusion/local/lib/python3.10/dist-packages/sensor_fusion/__init__.py
-- Installing: /home/abhiyaan-cu/Driverless_EV_Project/install/sensor_fusion/local/lib/python3.10/dist-packages/sensor_fusion/yolo_detector.py
Listing '/home/abhiyaan-cu/Driverless_EV_Project/install/sensor_fusion/local/lib/python3.10/dist-packages/sensor_fusion'...
Compiling '/home/abhiyaan-cu/Driverless_EV_Project/install/sensor_fusion/local/lib/python3.10/dist-packages/sensor_fusion/__init__.py'...
Compiling '/home/abhiyaan-cu/Driverless_EV_Project/install/sensor_fusion/local/lib/python3.10/dist-packages/sensor_fusion/fusion_node.py'...
Compiling '/home/abhiyaan-cu/Driverless_EV_Project/install/sensor_fusion/local/lib/python3.10/dist-packages/sensor_fusion/yolo_detector.py'...
-- Installing: /home/abhiyaan-cu/Driverless_EV_Project/install/sensor_fusion/lib/sensor_fusion/fusion_node.py
-- Installing: /home/abhiyaan-cu/Driverless_EV_Project/install/sensor_fusion/lib/sensor_fusion/yolo_detector.py
-- Installing: /home/abhiyaan-cu/Driverless_EV_Project/install/sensor_fusion/share/ament_index/resource_index/package_run_dependencies/sensor_fusion
-- Installing: /home/abhiyaan-cu/Driverless_EV_Project/install/sensor_fusion/share/ament_index/resource_index/parent_prefix_path/sensor_fusion
-- Installing: /home/abhiyaan-cu/Driverless_EV_Project/install/sensor_fusion/share/sensor_fusion/environment/ament_prefix_path.sh
-- Installing: /home/abhiyaan-cu/Driverless_EV_Project/install/sensor_fusion/share/sensor_fusion/environment/ament_prefix_path.dsv
-- Installing: /home/abhiyaan-cu/Driverless_EV_Project/install/sensor_fusion/share/sensor_fusion/environment/path.sh
-- Installing: /home/abhiyaan-cu/Driverless_EV_Project/install/sensor_fusion/share/sensor_fusion/environment/path.dsv
-- Installing: /home/abhiyaan-cu/Driverless_EV_Project/install/sensor_fusion/share/sensor_fusion/local_setup.bash
-- Installing: /home/abhiyaan-cu/Driverless_EV_Project/install/sensor_fusion/share/sensor_fusion/local_setup.sh
-- Installing: /home/abhiyaan-cu/Driverless_EV_Project/install/sensor_fusion/share/sensor_fusion/local_setup.zsh
-- Installing: /home/abhiyaan-cu/Driverless_EV_Project/install/sensor_fusion/share/sensor_fusion/local_setup.dsv
-- Installing: /home/abhiyaan-cu/Driverless_EV_Project/install/sensor_fusion/share/sensor_fusion/package.dsv
-- Installing: /home/abhiyaan-cu/Driverless_EV_Project/install/sensor_fusion/share/ament_index/resource_index/packages/sensor_fusion
-- Installing: /home/abhiyaan-cu/Driverless_EV_Project/install/sensor_fusion/share/sensor_fusion/cmake/ament_cmake_export_dependencies-extras.cmake
-- Installing: /home/abhiyaan-cu/Driverless_EV_Project/install/sensor_fusion/share/sensor_fusion/cmake/sensor_fusionConfig.cmake
-- Installing: /home/abhiyaan-cu/Driverless_EV_Project/install/sensor_fusion/share/sensor_fusion/cmake/sensor_fusionConfig-version.cmake
-- Installing: /home/abhiyaan-cu/Driverless_EV_Project/install/sensor_fusion/share/sensor_fusion/package.xml
