[0.007s] Invoking command in '/home/abhiyaan-cu/Driverless_EV_Project/build/perception_msgs': CMAKE_PREFIX_PATH=/opt/ros/humble /usr/bin/cmake /home/abhiyaan-cu/Driverless_EV_Project/src/perception_msgs -DCMAKE_INSTALL_PREFIX=/home/abhiyaan-cu/Driverless_EV_Project/install/perception_msgs
[0.089s] -- The C compiler identification is GNU 11.4.0
[0.157s] -- The CXX compiler identification is GNU 11.4.0
[0.164s] -- Detecting C compiler ABI info
[0.209s] -- Detecting C compiler ABI info - done
[0.218s] -- Check for working C compiler: /usr/lib/ccache/gcc - skipped
[0.218s] -- Detecting C compile features
[0.218s] -- Detecting C compile features - done
[0.220s] -- Detecting CXX compiler ABI info
[0.267s] -- Detecting CXX compiler ABI info - done
[0.271s] -- Check for working CXX compiler: /usr/lib/ccache/g++ - skipped
[0.271s] -- Detecting CXX compile features
[0.271s] -- Detecting CXX compile features - done
[0.273s] -- Found ament_cmake: 1.3.12 (/opt/ros/humble/share/ament_cmake/cmake)
[0.383s] -- Found Python3: /usr/bin/python3 (found version "3.10.12") found components: Interpreter 
[0.452s] -- Found rclcpp: 16.0.14 (/opt/ros/humble/share/rclcpp/cmake)
[0.485s] -- Found rosidl_generator_c: 3.1.7 (/opt/ros/humble/share/rosidl_generator_c/cmake)
[0.489s] -- Found rosidl_adapter: 3.1.7 (/opt/ros/humble/share/rosidl_adapter/cmake)
[0.496s] -- Found rosidl_generator_cpp: 3.1.7 (/opt/ros/humble/share/rosidl_generator_cpp/cmake)
[0.505s] -- Using all available rosidl_typesupport_c: rosidl_typesupport_fastrtps_c;rosidl_typesupport_introspection_c
[0.516s] -- Using all available rosidl_typesupport_cpp: rosidl_typesupport_fastrtps_cpp;rosidl_typesupport_introspection_cpp
[0.551s] -- Found rmw_implementation_cmake: 6.1.2 (/opt/ros/humble/share/rmw_implementation_cmake/cmake)
[0.553s] -- Found rmw_cyclonedds_cpp: 1.3.4 (/opt/ros/humble/share/rmw_cyclonedds_cpp/cmake)
[0.571s] -- Using RMW implementation 'rmw_cyclonedds_cpp' as default
[0.577s] -- Looking for pthread.h
[0.624s] -- Looking for pthread.h - found
[0.624s] -- Performing Test CMAKE_HAVE_LIBC_PTHREAD
[0.671s] -- Performing Test CMAKE_HAVE_LIBC_PTHREAD - Success
[0.673s] -- Found Threads: TRUE  
[0.708s] -- Found geometry_msgs: 4.9.0 (/opt/ros/humble/share/geometry_msgs/cmake)
[0.717s] -- Found rosidl_default_generators: 1.2.0 (/opt/ros/humble/share/rosidl_default_generators/cmake)
[0.950s] -- Found ament_cmake_ros: 0.10.0 (/opt/ros/humble/share/ament_cmake_ros/cmake)
[1.242s] -- Using all available rosidl_typesupport_c: rosidl_typesupport_fastrtps_c;rosidl_typesupport_introspection_c
[1.351s] -- Using all available rosidl_typesupport_cpp: rosidl_typesupport_fastrtps_cpp;rosidl_typesupport_introspection_cpp
[1.369s] -- Found PythonInterp: /usr/bin/python3 (found suitable version "3.10.12", minimum required is "3.6") 
[1.370s] -- Found python_cmake_module: 0.10.0 (/opt/ros/humble/share/python_cmake_module/cmake)
[1.387s] -- Found PythonLibs: /usr/lib/x86_64-linux-gnu/libpython3.10.so (found suitable version "3.10.12", minimum required is "3.5") 
[1.388s] -- Using PYTHON_EXECUTABLE: /usr/bin/python3
[1.388s] -- Using PYTHON_INCLUDE_DIRS: /usr/include/python3.10
[1.388s] -- Using PYTHON_LIBRARIES: /usr/lib/x86_64-linux-gnu/libpython3.10.so
[1.404s] -- Found PythonExtra: .so  
[1.447s] -- Configuring done
[1.468s] -- Generating done
[1.477s] -- Build files have been written to: /home/abhiyaan-cu/Driverless_EV_Project/build/perception_msgs
[1.485s] Invoked command in '/home/abhiyaan-cu/Driverless_EV_Project/build/perception_msgs' returned '0': CMAKE_PREFIX_PATH=/opt/ros/humble /usr/bin/cmake /home/abhiyaan-cu/Driverless_EV_Project/src/perception_msgs -DCMAKE_INSTALL_PREFIX=/home/abhiyaan-cu/Driverless_EV_Project/install/perception_msgs
[1.487s] Invoking command in '/home/abhiyaan-cu/Driverless_EV_Project/build/perception_msgs': CMAKE_PREFIX_PATH=/opt/ros/humble /usr/bin/cmake --build /home/abhiyaan-cu/Driverless_EV_Project/build/perception_msgs -- -j20 -l20
[1.516s] [  2%] [34m[1mGenerating C code for ROS interfaces[0m
[1.524s] [  4%] [34m[1mGenerating C++ code for ROS interfaces[0m
[1.527s] [  4%] Built target ament_cmake_python_copy_perception_msgs
[1.705s] running egg_info
[1.705s] creating perception_msgs.egg-info
[1.705s] writing perception_msgs.egg-info/PKG-INFO
[1.705s] writing dependency_links to perception_msgs.egg-info/dependency_links.txt
[1.705s] writing top-level names to perception_msgs.egg-info/top_level.txt
[1.705s] writing manifest file 'perception_msgs.egg-info/SOURCES.txt'
[1.707s] reading manifest file 'perception_msgs.egg-info/SOURCES.txt'
[1.707s] writing manifest file 'perception_msgs.egg-info/SOURCES.txt'
[1.728s] [  4%] Built target ament_cmake_python_build_perception_msgs_egg
[1.754s] [  4%] Built target perception_msgs__cpp
[1.761s] [ 10%] [34m[1mGenerating C++ introspection for ROS interfaces[0m
[1.761s] [ 10%] [32mBuilding C object CMakeFiles/perception_msgs__rosidl_generator_c.dir/rosidl_generator_c/perception_msgs/msg/detail/object_detections__functions.c.o[0m
[1.761s] [ 10%] [34m[1mGenerating C++ type support dispatch for ROS interfaces[0m
[1.761s] [ 12%] [32mBuilding C object CMakeFiles/perception_msgs__rosidl_generator_c.dir/rosidl_generator_c/perception_msgs/msg/detail/object_detection__functions.c.o[0m
[1.761s] [ 14%] [34m[1mGenerating C++ type support for eProsima Fast-RTPS[0m
[1.763s] [ 17%] [32mBuilding C object CMakeFiles/perception_msgs__rosidl_generator_c.dir/rosidl_generator_c/perception_msgs/msg/detail/bounding_box__functions.c.o[0m
[1.788s] [ 19%] [32m[1mLinking C shared library libperception_msgs__rosidl_generator_c.so[0m
[1.817s] [ 19%] Built target perception_msgs__rosidl_generator_c
[1.825s] [ 21%] [34m[1mGenerating C type support for eProsima Fast-RTPS[0m
[1.825s] [ 23%] [34m[1mGenerating C type support dispatch for ROS interfaces[0m
[1.825s] [ 25%] [34m[1mGenerating C introspection for ROS interfaces[0m
[1.967s] [ 29%] [32mBuilding CXX object CMakeFiles/perception_msgs__rosidl_typesupport_cpp.dir/rosidl_typesupport_cpp/perception_msgs/msg/object_detections__type_support.cpp.o[0m
[1.967s] [ 29%] [32mBuilding CXX object CMakeFiles/perception_msgs__rosidl_typesupport_cpp.dir/rosidl_typesupport_cpp/perception_msgs/msg/bounding_box__type_support.cpp.o[0m
[1.968s] [ 31%] [32mBuilding CXX object CMakeFiles/perception_msgs__rosidl_typesupport_cpp.dir/rosidl_typesupport_cpp/perception_msgs/msg/object_detection__type_support.cpp.o[0m
[1.984s] [ 34%] [32mBuilding CXX object CMakeFiles/perception_msgs__rosidl_typesupport_introspection_cpp.dir/rosidl_typesupport_introspection_cpp/perception_msgs/msg/detail/bounding_box__type_support.cpp.o[0m
[1.984s] [ 36%] [32mBuilding CXX object CMakeFiles/perception_msgs__rosidl_typesupport_introspection_cpp.dir/rosidl_typesupport_introspection_cpp/perception_msgs/msg/detail/object_detection__type_support.cpp.o[0m
[1.984s] [ 38%] [32mBuilding CXX object CMakeFiles/perception_msgs__rosidl_typesupport_introspection_cpp.dir/rosidl_typesupport_introspection_cpp/perception_msgs/msg/detail/object_detections__type_support.cpp.o[0m
[1.996s] [ 42%] [32mBuilding CXX object CMakeFiles/perception_msgs__rosidl_typesupport_fastrtps_cpp.dir/rosidl_typesupport_fastrtps_cpp/perception_msgs/msg/detail/dds_fastrtps/object_detection__type_support.cpp.o[0m
[1.996s] [ 42%] [32mBuilding CXX object CMakeFiles/perception_msgs__rosidl_typesupport_fastrtps_cpp.dir/rosidl_typesupport_fastrtps_cpp/perception_msgs/msg/detail/dds_fastrtps/object_detections__type_support.cpp.o[0m
[1.996s] [ 44%] [32mBuilding CXX object CMakeFiles/perception_msgs__rosidl_typesupport_fastrtps_cpp.dir/rosidl_typesupport_fastrtps_cpp/perception_msgs/msg/detail/dds_fastrtps/bounding_box__type_support.cpp.o[0m
[2.043s] [ 46%] [32mBuilding CXX object CMakeFiles/perception_msgs__rosidl_typesupport_c.dir/rosidl_typesupport_c/perception_msgs/msg/bounding_box__type_support.cpp.o[0m
[2.043s] [ 48%] [32mBuilding CXX object CMakeFiles/perception_msgs__rosidl_typesupport_c.dir/rosidl_typesupport_c/perception_msgs/msg/object_detections__type_support.cpp.o[0m
[2.044s] [ 51%] [32mBuilding CXX object CMakeFiles/perception_msgs__rosidl_typesupport_c.dir/rosidl_typesupport_c/perception_msgs/msg/object_detection__type_support.cpp.o[0m
[2.060s] [ 53%] [32m[1mLinking CXX shared library libperception_msgs__rosidl_typesupport_cpp.so[0m
[2.071s] [ 55%] [32m[1mLinking CXX shared library libperception_msgs__rosidl_typesupport_c.so[0m
[2.074s] [ 61%] [32mBuilding C object CMakeFiles/perception_msgs__rosidl_typesupport_introspection_c.dir/rosidl_typesupport_introspection_c/perception_msgs/msg/detail/bounding_box__type_support.c.o[0m
[2.074s] [ 61%] [32mBuilding C object CMakeFiles/perception_msgs__rosidl_typesupport_introspection_c.dir/rosidl_typesupport_introspection_c/perception_msgs/msg/detail/object_detection__type_support.c.o[0m
[2.074s] [ 61%] [32mBuilding C object CMakeFiles/perception_msgs__rosidl_typesupport_introspection_c.dir/rosidl_typesupport_introspection_c/perception_msgs/msg/detail/object_detections__type_support.c.o[0m
[2.085s] [ 63%] [32m[1mLinking CXX shared library libperception_msgs__rosidl_typesupport_introspection_cpp.so[0m
[2.090s] [ 65%] [32m[1mLinking CXX shared library libperception_msgs__rosidl_typesupport_fastrtps_cpp.so[0m
[2.097s] [ 65%] Built target perception_msgs__rosidl_typesupport_cpp
[2.098s] [ 68%] [32m[1mLinking C shared library libperception_msgs__rosidl_typesupport_introspection_c.so[0m
[2.101s] [ 72%] [32mBuilding CXX object CMakeFiles/perception_msgs__rosidl_typesupport_fastrtps_c.dir/rosidl_typesupport_fastrtps_c/perception_msgs/msg/detail/bounding_box__type_support_c.cpp.o[0m
[2.101s] [ 72%] [32mBuilding CXX object CMakeFiles/perception_msgs__rosidl_typesupport_fastrtps_c.dir/rosidl_typesupport_fastrtps_c/perception_msgs/msg/detail/object_detection__type_support_c.cpp.o[0m
[2.103s] [ 74%] [32mBuilding CXX object CMakeFiles/perception_msgs__rosidl_typesupport_fastrtps_c.dir/rosidl_typesupport_fastrtps_c/perception_msgs/msg/detail/object_detections__type_support_c.cpp.o[0m
[2.115s] [ 74%] Built target perception_msgs__rosidl_typesupport_c
[2.123s] [ 74%] Built target perception_msgs__rosidl_typesupport_introspection_c
[2.161s] [ 74%] Built target perception_msgs__rosidl_typesupport_fastrtps_cpp
[2.166s] [ 76%] [32m[1mLinking CXX shared library libperception_msgs__rosidl_typesupport_fastrtps_c.so[0m
[2.166s] [ 76%] Built target perception_msgs__rosidl_typesupport_introspection_cpp
[2.229s] [ 76%] Built target perception_msgs__rosidl_typesupport_fastrtps_c
[2.244s] [ 76%] Built target perception_msgs
[2.260s] [ 78%] [34m[1mGenerating Python code for ROS interfaces[0m
[2.526s] [ 78%] Built target perception_msgs__py
[2.541s] [ 85%] [32mBuilding C object CMakeFiles/perception_msgs__rosidl_generator_py.dir/rosidl_generator_py/perception_msgs/msg/_object_detections_s.c.o[0m
[2.541s] [ 85%] [32mBuilding C object CMakeFiles/perception_msgs__rosidl_generator_py.dir/rosidl_generator_py/perception_msgs/msg/_bounding_box_s.c.o[0m
[2.541s] [ 85%] [32mBuilding C object CMakeFiles/perception_msgs__rosidl_generator_py.dir/rosidl_generator_py/perception_msgs/msg/_object_detection_s.c.o[0m
[2.559s] [ 87%] [32m[1mLinking C shared library rosidl_generator_py/perception_msgs/libperception_msgs__rosidl_generator_py.so[0m
[2.592s] [ 87%] Built target perception_msgs__rosidl_generator_py
[2.604s] [ 89%] [32mBuilding C object CMakeFiles/perception_msgs__rosidl_typesupport_introspection_c__pyext.dir/rosidl_generator_py/perception_msgs/_perception_msgs_s.ep.rosidl_typesupport_introspection_c.c.o[0m
[2.607s] [ 91%] [32mBuilding C object CMakeFiles/perception_msgs__rosidl_typesupport_fastrtps_c__pyext.dir/rosidl_generator_py/perception_msgs/_perception_msgs_s.ep.rosidl_typesupport_fastrtps_c.c.o[0m
[2.607s] [ 93%] [32mBuilding C object CMakeFiles/perception_msgs__rosidl_typesupport_c__pyext.dir/rosidl_generator_py/perception_msgs/_perception_msgs_s.ep.rosidl_typesupport_c.c.o[0m
[2.615s] [ 97%] [32m[1mLinking C shared library rosidl_generator_py/perception_msgs/perception_msgs_s__rosidl_typesupport_introspection_c.cpython-310-x86_64-linux-gnu.so[0m
[2.615s] [ 97%] [32m[1mLinking C shared library rosidl_generator_py/perception_msgs/perception_msgs_s__rosidl_typesupport_fastrtps_c.cpython-310-x86_64-linux-gnu.so[0m
[2.615s] [100%] [32m[1mLinking C shared library rosidl_generator_py/perception_msgs/perception_msgs_s__rosidl_typesupport_c.cpython-310-x86_64-linux-gnu.so[0m
[2.643s] [100%] Built target perception_msgs__rosidl_typesupport_fastrtps_c__pyext
[2.643s] [100%] Built target perception_msgs__rosidl_typesupport_c__pyext
[2.644s] [100%] Built target perception_msgs__rosidl_typesupport_introspection_c__pyext
[2.653s] Invoked command in '/home/abhiyaan-cu/Driverless_EV_Project/build/perception_msgs' returned '0': CMAKE_PREFIX_PATH=/opt/ros/humble /usr/bin/cmake --build /home/abhiyaan-cu/Driverless_EV_Project/build/perception_msgs -- -j20 -l20
[2.655s] Invoking command in '/home/abhiyaan-cu/Driverless_EV_Project/build/perception_msgs': CMAKE_PREFIX_PATH=/opt/ros/humble /usr/bin/cmake --install /home/abhiyaan-cu/Driverless_EV_Project/build/perception_msgs
[2.661s] -- Install configuration: ""
[2.662s] -- Installing: /home/abhiyaan-cu/Driverless_EV_Project/install/perception_msgs/share/ament_index/resource_index/rosidl_interfaces/perception_msgs
[2.662s] -- Installing: /home/abhiyaan-cu/Driverless_EV_Project/install/perception_msgs/include/perception_msgs/perception_msgs
[2.662s] -- Installing: /home/abhiyaan-cu/Driverless_EV_Project/install/perception_msgs/include/perception_msgs/perception_msgs/msg
[2.662s] -- Installing: /home/abhiyaan-cu/Driverless_EV_Project/install/perception_msgs/include/perception_msgs/perception_msgs/msg/object_detections.h
[2.662s] -- Installing: /home/abhiyaan-cu/Driverless_EV_Project/install/perception_msgs/include/perception_msgs/perception_msgs/msg/object_detection.h
[2.662s] -- Installing: /home/abhiyaan-cu/Driverless_EV_Project/install/perception_msgs/include/perception_msgs/perception_msgs/msg/bounding_box.h
[2.662s] -- Installing: /home/abhiyaan-cu/Driverless_EV_Project/install/perception_msgs/include/perception_msgs/perception_msgs/msg/rosidl_generator_c__visibility_control.h
[2.662s] -- Installing: /home/abhiyaan-cu/Driverless_EV_Project/install/perception_msgs/include/perception_msgs/perception_msgs/msg/detail
[2.662s] -- Installing: /home/abhiyaan-cu/Driverless_EV_Project/install/perception_msgs/include/perception_msgs/perception_msgs/msg/detail/bounding_box__functions.c
[2.662s] -- Installing: /home/abhiyaan-cu/Driverless_EV_Project/install/perception_msgs/include/perception_msgs/perception_msgs/msg/detail/object_detections__struct.h
[2.662s] -- Installing: /home/abhiyaan-cu/Driverless_EV_Project/install/perception_msgs/include/perception_msgs/perception_msgs/msg/detail/object_detection__struct.h
[2.662s] -- Installing: /home/abhiyaan-cu/Driverless_EV_Project/install/perception_msgs/include/perception_msgs/perception_msgs/msg/detail/object_detection__functions.c
[2.662s] -- Installing: /home/abhiyaan-cu/Driverless_EV_Project/install/perception_msgs/include/perception_msgs/perception_msgs/msg/detail/object_detection__functions.h
[2.662s] -- Installing: /home/abhiyaan-cu/Driverless_EV_Project/install/perception_msgs/include/perception_msgs/perception_msgs/msg/detail/object_detections__type_support.h
[2.662s] -- Installing: /home/abhiyaan-cu/Driverless_EV_Project/install/perception_msgs/include/perception_msgs/perception_msgs/msg/detail/object_detection__type_support.h
[2.662s] -- Installing: /home/abhiyaan-cu/Driverless_EV_Project/install/perception_msgs/include/perception_msgs/perception_msgs/msg/detail/bounding_box__type_support.h
[2.662s] -- Installing: /home/abhiyaan-cu/Driverless_EV_Project/install/perception_msgs/include/perception_msgs/perception_msgs/msg/detail/object_detections__functions.c
[2.662s] -- Installing: /home/abhiyaan-cu/Driverless_EV_Project/install/perception_msgs/include/perception_msgs/perception_msgs/msg/detail/bounding_box__functions.h
[2.662s] -- Installing: /home/abhiyaan-cu/Driverless_EV_Project/install/perception_msgs/include/perception_msgs/perception_msgs/msg/detail/bounding_box__struct.h
[2.662s] -- Installing: /home/abhiyaan-cu/Driverless_EV_Project/install/perception_msgs/include/perception_msgs/perception_msgs/msg/detail/object_detections__functions.h
[2.662s] -- Installing: /home/abhiyaan-cu/Driverless_EV_Project/install/perception_msgs/share/perception_msgs/environment/library_path.sh
[2.663s] -- Installing: /home/abhiyaan-cu/Driverless_EV_Project/install/perception_msgs/share/perception_msgs/environment/library_path.dsv
[2.663s] -- Installing: /home/abhiyaan-cu/Driverless_EV_Project/install/perception_msgs/lib/libperception_msgs__rosidl_generator_c.so
[2.663s] -- Set runtime path of "/home/abhiyaan-cu/Driverless_EV_Project/install/perception_msgs/lib/libperception_msgs__rosidl_generator_c.so" to ""
[2.663s] -- Up-to-date: /home/abhiyaan-cu/Driverless_EV_Project/install/perception_msgs/include/perception_msgs/perception_msgs
[2.663s] -- Up-to-date: /home/abhiyaan-cu/Driverless_EV_Project/install/perception_msgs/include/perception_msgs/perception_msgs/msg
[2.663s] -- Installing: /home/abhiyaan-cu/Driverless_EV_Project/install/perception_msgs/include/perception_msgs/perception_msgs/msg/rosidl_typesupport_fastrtps_c__visibility_control.h
[2.663s] -- Up-to-date: /home/abhiyaan-cu/Driverless_EV_Project/install/perception_msgs/include/perception_msgs/perception_msgs/msg/detail
[2.663s] -- Installing: /home/abhiyaan-cu/Driverless_EV_Project/install/perception_msgs/include/perception_msgs/perception_msgs/msg/detail/bounding_box__rosidl_typesupport_fastrtps_c.h
[2.663s] -- Installing: /home/abhiyaan-cu/Driverless_EV_Project/install/perception_msgs/include/perception_msgs/perception_msgs/msg/detail/object_detection__rosidl_typesupport_fastrtps_c.h
[2.663s] -- Installing: /home/abhiyaan-cu/Driverless_EV_Project/install/perception_msgs/include/perception_msgs/perception_msgs/msg/detail/object_detections__rosidl_typesupport_fastrtps_c.h
[2.663s] -- Installing: /home/abhiyaan-cu/Driverless_EV_Project/install/perception_msgs/lib/libperception_msgs__rosidl_typesupport_fastrtps_c.so
[2.663s] -- Set runtime path of "/home/abhiyaan-cu/Driverless_EV_Project/install/perception_msgs/lib/libperception_msgs__rosidl_typesupport_fastrtps_c.so" to ""
[2.663s] -- Up-to-date: /home/abhiyaan-cu/Driverless_EV_Project/install/perception_msgs/include/perception_msgs/perception_msgs
[2.663s] -- Up-to-date: /home/abhiyaan-cu/Driverless_EV_Project/install/perception_msgs/include/perception_msgs/perception_msgs/msg
[2.663s] -- Installing: /home/abhiyaan-cu/Driverless_EV_Project/install/perception_msgs/include/perception_msgs/perception_msgs/msg/object_detections.hpp
[2.663s] -- Installing: /home/abhiyaan-cu/Driverless_EV_Project/install/perception_msgs/include/perception_msgs/perception_msgs/msg/rosidl_generator_cpp__visibility_control.hpp
[2.663s] -- Installing: /home/abhiyaan-cu/Driverless_EV_Project/install/perception_msgs/include/perception_msgs/perception_msgs/msg/object_detection.hpp
[2.663s] -- Installing: /home/abhiyaan-cu/Driverless_EV_Project/install/perception_msgs/include/perception_msgs/perception_msgs/msg/bounding_box.hpp
[2.663s] -- Up-to-date: /home/abhiyaan-cu/Driverless_EV_Project/install/perception_msgs/include/perception_msgs/perception_msgs/msg/detail
[2.663s] -- Installing: /home/abhiyaan-cu/Driverless_EV_Project/install/perception_msgs/include/perception_msgs/perception_msgs/msg/detail/object_detections__traits.hpp
[2.663s] -- Installing: /home/abhiyaan-cu/Driverless_EV_Project/install/perception_msgs/include/perception_msgs/perception_msgs/msg/detail/object_detections__builder.hpp
[2.663s] -- Installing: /home/abhiyaan-cu/Driverless_EV_Project/install/perception_msgs/include/perception_msgs/perception_msgs/msg/detail/object_detections__type_support.hpp
[2.664s] -- Installing: /home/abhiyaan-cu/Driverless_EV_Project/install/perception_msgs/include/perception_msgs/perception_msgs/msg/detail/bounding_box__type_support.hpp
[2.664s] -- Installing: /home/abhiyaan-cu/Driverless_EV_Project/install/perception_msgs/include/perception_msgs/perception_msgs/msg/detail/bounding_box__builder.hpp
[2.664s] -- Installing: /home/abhiyaan-cu/Driverless_EV_Project/install/perception_msgs/include/perception_msgs/perception_msgs/msg/detail/object_detection__type_support.hpp
[2.664s] -- Installing: /home/abhiyaan-cu/Driverless_EV_Project/install/perception_msgs/include/perception_msgs/perception_msgs/msg/detail/bounding_box__struct.hpp
[2.664s] -- Installing: /home/abhiyaan-cu/Driverless_EV_Project/install/perception_msgs/include/perception_msgs/perception_msgs/msg/detail/bounding_box__traits.hpp
[2.664s] -- Installing: /home/abhiyaan-cu/Driverless_EV_Project/install/perception_msgs/include/perception_msgs/perception_msgs/msg/detail/object_detection__builder.hpp
[2.664s] -- Installing: /home/abhiyaan-cu/Driverless_EV_Project/install/perception_msgs/include/perception_msgs/perception_msgs/msg/detail/object_detection__struct.hpp
[2.664s] -- Installing: /home/abhiyaan-cu/Driverless_EV_Project/install/perception_msgs/include/perception_msgs/perception_msgs/msg/detail/object_detections__struct.hpp
[2.664s] -- Installing: /home/abhiyaan-cu/Driverless_EV_Project/install/perception_msgs/include/perception_msgs/perception_msgs/msg/detail/object_detection__traits.hpp
[2.664s] -- Up-to-date: /home/abhiyaan-cu/Driverless_EV_Project/install/perception_msgs/include/perception_msgs/perception_msgs
[2.664s] -- Up-to-date: /home/abhiyaan-cu/Driverless_EV_Project/install/perception_msgs/include/perception_msgs/perception_msgs/msg
[2.664s] -- Installing: /home/abhiyaan-cu/Driverless_EV_Project/install/perception_msgs/include/perception_msgs/perception_msgs/msg/rosidl_typesupport_fastrtps_cpp__visibility_control.h
[2.664s] -- Up-to-date: /home/abhiyaan-cu/Driverless_EV_Project/install/perception_msgs/include/perception_msgs/perception_msgs/msg/detail
[2.664s] -- Installing: /home/abhiyaan-cu/Driverless_EV_Project/install/perception_msgs/include/perception_msgs/perception_msgs/msg/detail/object_detection__rosidl_typesupport_fastrtps_cpp.hpp
[2.664s] -- Installing: /home/abhiyaan-cu/Driverless_EV_Project/install/perception_msgs/include/perception_msgs/perception_msgs/msg/detail/bounding_box__rosidl_typesupport_fastrtps_cpp.hpp
[2.664s] -- Installing: /home/abhiyaan-cu/Driverless_EV_Project/install/perception_msgs/include/perception_msgs/perception_msgs/msg/detail/object_detections__rosidl_typesupport_fastrtps_cpp.hpp
[2.664s] -- Installing: /home/abhiyaan-cu/Driverless_EV_Project/install/perception_msgs/include/perception_msgs/perception_msgs/msg/detail/dds_fastrtps
[2.664s] -- Installing: /home/abhiyaan-cu/Driverless_EV_Project/install/perception_msgs/lib/libperception_msgs__rosidl_typesupport_fastrtps_cpp.so
[2.664s] -- Set runtime path of "/home/abhiyaan-cu/Driverless_EV_Project/install/perception_msgs/lib/libperception_msgs__rosidl_typesupport_fastrtps_cpp.so" to ""
[2.664s] -- Up-to-date: /home/abhiyaan-cu/Driverless_EV_Project/install/perception_msgs/include/perception_msgs/perception_msgs
[2.664s] -- Up-to-date: /home/abhiyaan-cu/Driverless_EV_Project/install/perception_msgs/include/perception_msgs/perception_msgs/msg
[2.664s] -- Installing: /home/abhiyaan-cu/Driverless_EV_Project/install/perception_msgs/include/perception_msgs/perception_msgs/msg/rosidl_typesupport_introspection_c__visibility_control.h
[2.664s] -- Up-to-date: /home/abhiyaan-cu/Driverless_EV_Project/install/perception_msgs/include/perception_msgs/perception_msgs/msg/detail
[2.664s] -- Installing: /home/abhiyaan-cu/Driverless_EV_Project/install/perception_msgs/include/perception_msgs/perception_msgs/msg/detail/object_detections__type_support.c
[2.664s] -- Installing: /home/abhiyaan-cu/Driverless_EV_Project/install/perception_msgs/include/perception_msgs/perception_msgs/msg/detail/object_detections__rosidl_typesupport_introspection_c.h
[2.664s] -- Installing: /home/abhiyaan-cu/Driverless_EV_Project/install/perception_msgs/include/perception_msgs/perception_msgs/msg/detail/object_detection__rosidl_typesupport_introspection_c.h
[2.665s] -- Installing: /home/abhiyaan-cu/Driverless_EV_Project/install/perception_msgs/include/perception_msgs/perception_msgs/msg/detail/bounding_box__type_support.c
[2.665s] -- Installing: /home/abhiyaan-cu/Driverless_EV_Project/install/perception_msgs/include/perception_msgs/perception_msgs/msg/detail/object_detection__type_support.c
[2.665s] -- Installing: /home/abhiyaan-cu/Driverless_EV_Project/install/perception_msgs/include/perception_msgs/perception_msgs/msg/detail/bounding_box__rosidl_typesupport_introspection_c.h
[2.665s] -- Installing: /home/abhiyaan-cu/Driverless_EV_Project/install/perception_msgs/lib/libperception_msgs__rosidl_typesupport_introspection_c.so
[2.665s] -- Set runtime path of "/home/abhiyaan-cu/Driverless_EV_Project/install/perception_msgs/lib/libperception_msgs__rosidl_typesupport_introspection_c.so" to ""
[2.665s] -- Installing: /home/abhiyaan-cu/Driverless_EV_Project/install/perception_msgs/lib/libperception_msgs__rosidl_typesupport_c.so
[2.665s] -- Set runtime path of "/home/abhiyaan-cu/Driverless_EV_Project/install/perception_msgs/lib/libperception_msgs__rosidl_typesupport_c.so" to ""
[2.665s] -- Up-to-date: /home/abhiyaan-cu/Driverless_EV_Project/install/perception_msgs/include/perception_msgs/perception_msgs
[2.665s] -- Up-to-date: /home/abhiyaan-cu/Driverless_EV_Project/install/perception_msgs/include/perception_msgs/perception_msgs/msg
[2.665s] -- Up-to-date: /home/abhiyaan-cu/Driverless_EV_Project/install/perception_msgs/include/perception_msgs/perception_msgs/msg/detail
[2.665s] -- Installing: /home/abhiyaan-cu/Driverless_EV_Project/install/perception_msgs/include/perception_msgs/perception_msgs/msg/detail/bounding_box__type_support.cpp
[2.665s] -- Installing: /home/abhiyaan-cu/Driverless_EV_Project/install/perception_msgs/include/perception_msgs/perception_msgs/msg/detail/object_detections__rosidl_typesupport_introspection_cpp.hpp
[2.665s] -- Installing: /home/abhiyaan-cu/Driverless_EV_Project/install/perception_msgs/include/perception_msgs/perception_msgs/msg/detail/bounding_box__rosidl_typesupport_introspection_cpp.hpp
[2.665s] -- Installing: /home/abhiyaan-cu/Driverless_EV_Project/install/perception_msgs/include/perception_msgs/perception_msgs/msg/detail/object_detection__type_support.cpp
[2.665s] -- Installing: /home/abhiyaan-cu/Driverless_EV_Project/install/perception_msgs/include/perception_msgs/perception_msgs/msg/detail/object_detection__rosidl_typesupport_introspection_cpp.hpp
[2.665s] -- Installing: /home/abhiyaan-cu/Driverless_EV_Project/install/perception_msgs/include/perception_msgs/perception_msgs/msg/detail/object_detections__type_support.cpp
[2.665s] -- Installing: /home/abhiyaan-cu/Driverless_EV_Project/install/perception_msgs/lib/libperception_msgs__rosidl_typesupport_introspection_cpp.so
[2.665s] -- Set runtime path of "/home/abhiyaan-cu/Driverless_EV_Project/install/perception_msgs/lib/libperception_msgs__rosidl_typesupport_introspection_cpp.so" to ""
[2.665s] -- Installing: /home/abhiyaan-cu/Driverless_EV_Project/install/perception_msgs/lib/libperception_msgs__rosidl_typesupport_cpp.so
[2.666s] -- Set runtime path of "/home/abhiyaan-cu/Driverless_EV_Project/install/perception_msgs/lib/libperception_msgs__rosidl_typesupport_cpp.so" to ""
[2.666s] -- Installing: /home/abhiyaan-cu/Driverless_EV_Project/install/perception_msgs/share/perception_msgs/environment/pythonpath.sh
[2.666s] -- Installing: /home/abhiyaan-cu/Driverless_EV_Project/install/perception_msgs/share/perception_msgs/environment/pythonpath.dsv
[2.666s] -- Installing: /home/abhiyaan-cu/Driverless_EV_Project/install/perception_msgs/local/lib/python3.10/dist-packages/perception_msgs-0.0.1-py3.10.egg-info
[2.666s] -- Installing: /home/abhiyaan-cu/Driverless_EV_Project/install/perception_msgs/local/lib/python3.10/dist-packages/perception_msgs-0.0.1-py3.10.egg-info/PKG-INFO
[2.666s] -- Installing: /home/abhiyaan-cu/Driverless_EV_Project/install/perception_msgs/local/lib/python3.10/dist-packages/perception_msgs-0.0.1-py3.10.egg-info/dependency_links.txt
[2.666s] -- Installing: /home/abhiyaan-cu/Driverless_EV_Project/install/perception_msgs/local/lib/python3.10/dist-packages/perception_msgs-0.0.1-py3.10.egg-info/top_level.txt
[2.666s] -- Installing: /home/abhiyaan-cu/Driverless_EV_Project/install/perception_msgs/local/lib/python3.10/dist-packages/perception_msgs-0.0.1-py3.10.egg-info/SOURCES.txt
[2.666s] -- Installing: /home/abhiyaan-cu/Driverless_EV_Project/install/perception_msgs/local/lib/python3.10/dist-packages/perception_msgs
[2.666s] -- Installing: /home/abhiyaan-cu/Driverless_EV_Project/install/perception_msgs/local/lib/python3.10/dist-packages/perception_msgs/libperception_msgs__rosidl_generator_py.so
[2.666s] -- Installing: /home/abhiyaan-cu/Driverless_EV_Project/install/perception_msgs/local/lib/python3.10/dist-packages/perception_msgs/_perception_msgs_s.ep.rosidl_typesupport_c.c
[2.666s] -- Installing: /home/abhiyaan-cu/Driverless_EV_Project/install/perception_msgs/local/lib/python3.10/dist-packages/perception_msgs/perception_msgs_s__rosidl_typesupport_introspection_c.cpython-310-x86_64-linux-gnu.so
[2.666s] -- Installing: /home/abhiyaan-cu/Driverless_EV_Project/install/perception_msgs/local/lib/python3.10/dist-packages/perception_msgs/_perception_msgs_s.ep.rosidl_typesupport_introspection_c.c
[2.666s] -- Installing: /home/abhiyaan-cu/Driverless_EV_Project/install/perception_msgs/local/lib/python3.10/dist-packages/perception_msgs/perception_msgs_s__rosidl_typesupport_fastrtps_c.cpython-310-x86_64-linux-gnu.so
[2.666s] -- Installing: /home/abhiyaan-cu/Driverless_EV_Project/install/perception_msgs/local/lib/python3.10/dist-packages/perception_msgs/msg
[2.666s] -- Installing: /home/abhiyaan-cu/Driverless_EV_Project/install/perception_msgs/local/lib/python3.10/dist-packages/perception_msgs/msg/_object_detections_s.c
[2.666s] -- Installing: /home/abhiyaan-cu/Driverless_EV_Project/install/perception_msgs/local/lib/python3.10/dist-packages/perception_msgs/msg/_bounding_box_s.c
[2.666s] -- Installing: /home/abhiyaan-cu/Driverless_EV_Project/install/perception_msgs/local/lib/python3.10/dist-packages/perception_msgs/msg/_object_detection.py
[2.666s] -- Installing: /home/abhiyaan-cu/Driverless_EV_Project/install/perception_msgs/local/lib/python3.10/dist-packages/perception_msgs/msg/_object_detections.py
[2.666s] -- Installing: /home/abhiyaan-cu/Driverless_EV_Project/install/perception_msgs/local/lib/python3.10/dist-packages/perception_msgs/msg/_bounding_box.py
[2.666s] -- Installing: /home/abhiyaan-cu/Driverless_EV_Project/install/perception_msgs/local/lib/python3.10/dist-packages/perception_msgs/msg/__init__.py
[2.666s] -- Installing: /home/abhiyaan-cu/Driverless_EV_Project/install/perception_msgs/local/lib/python3.10/dist-packages/perception_msgs/msg/_object_detection_s.c
[2.666s] -- Installing: /home/abhiyaan-cu/Driverless_EV_Project/install/perception_msgs/local/lib/python3.10/dist-packages/perception_msgs/_perception_msgs_s.ep.rosidl_typesupport_fastrtps_c.c
[2.666s] -- Installing: /home/abhiyaan-cu/Driverless_EV_Project/install/perception_msgs/local/lib/python3.10/dist-packages/perception_msgs/__init__.py
[2.666s] -- Installing: /home/abhiyaan-cu/Driverless_EV_Project/install/perception_msgs/local/lib/python3.10/dist-packages/perception_msgs/perception_msgs_s__rosidl_typesupport_c.cpython-310-x86_64-linux-gnu.so
[2.689s] Listing '/home/abhiyaan-cu/Driverless_EV_Project/install/perception_msgs/local/lib/python3.10/dist-packages/perception_msgs'...
[2.689s] Compiling '/home/abhiyaan-cu/Driverless_EV_Project/install/perception_msgs/local/lib/python3.10/dist-packages/perception_msgs/__init__.py'...
[2.689s] Listing '/home/abhiyaan-cu/Driverless_EV_Project/install/perception_msgs/local/lib/python3.10/dist-packages/perception_msgs/msg'...
[2.689s] Compiling '/home/abhiyaan-cu/Driverless_EV_Project/install/perception_msgs/local/lib/python3.10/dist-packages/perception_msgs/msg/__init__.py'...
[2.689s] Compiling '/home/abhiyaan-cu/Driverless_EV_Project/install/perception_msgs/local/lib/python3.10/dist-packages/perception_msgs/msg/_bounding_box.py'...
[2.689s] Compiling '/home/abhiyaan-cu/Driverless_EV_Project/install/perception_msgs/local/lib/python3.10/dist-packages/perception_msgs/msg/_object_detection.py'...
[2.689s] Compiling '/home/abhiyaan-cu/Driverless_EV_Project/install/perception_msgs/local/lib/python3.10/dist-packages/perception_msgs/msg/_object_detections.py'...
[2.693s] -- Installing: /home/abhiyaan-cu/Driverless_EV_Project/install/perception_msgs/local/lib/python3.10/dist-packages/perception_msgs/perception_msgs_s__rosidl_typesupport_fastrtps_c.cpython-310-x86_64-linux-gnu.so
[2.693s] -- Set runtime path of "/home/abhiyaan-cu/Driverless_EV_Project/install/perception_msgs/local/lib/python3.10/dist-packages/perception_msgs/perception_msgs_s__rosidl_typesupport_fastrtps_c.cpython-310-x86_64-linux-gnu.so" to ""
[2.693s] -- Installing: /home/abhiyaan-cu/Driverless_EV_Project/install/perception_msgs/local/lib/python3.10/dist-packages/perception_msgs/perception_msgs_s__rosidl_typesupport_introspection_c.cpython-310-x86_64-linux-gnu.so
[2.694s] -- Set runtime path of "/home/abhiyaan-cu/Driverless_EV_Project/install/perception_msgs/local/lib/python3.10/dist-packages/perception_msgs/perception_msgs_s__rosidl_typesupport_introspection_c.cpython-310-x86_64-linux-gnu.so" to ""
[2.694s] -- Installing: /home/abhiyaan-cu/Driverless_EV_Project/install/perception_msgs/local/lib/python3.10/dist-packages/perception_msgs/perception_msgs_s__rosidl_typesupport_c.cpython-310-x86_64-linux-gnu.so
[2.694s] -- Set runtime path of "/home/abhiyaan-cu/Driverless_EV_Project/install/perception_msgs/local/lib/python3.10/dist-packages/perception_msgs/perception_msgs_s__rosidl_typesupport_c.cpython-310-x86_64-linux-gnu.so" to ""
[2.694s] -- Installing: /home/abhiyaan-cu/Driverless_EV_Project/install/perception_msgs/lib/libperception_msgs__rosidl_generator_py.so
[2.694s] -- Set runtime path of "/home/abhiyaan-cu/Driverless_EV_Project/install/perception_msgs/lib/libperception_msgs__rosidl_generator_py.so" to ""
[2.694s] -- Installing: /home/abhiyaan-cu/Driverless_EV_Project/install/perception_msgs/share/perception_msgs/msg/BoundingBox.idl
[2.694s] -- Installing: /home/abhiyaan-cu/Driverless_EV_Project/install/perception_msgs/share/perception_msgs/msg/ObjectDetection.idl
[2.694s] -- Installing: /home/abhiyaan-cu/Driverless_EV_Project/install/perception_msgs/share/perception_msgs/msg/ObjectDetections.idl
[2.694s] -- Installing: /home/abhiyaan-cu/Driverless_EV_Project/install/perception_msgs/share/perception_msgs/msg/BoundingBox.msg
[2.694s] -- Installing: /home/abhiyaan-cu/Driverless_EV_Project/install/perception_msgs/share/perception_msgs/msg/ObjectDetection.msg
[2.694s] -- Installing: /home/abhiyaan-cu/Driverless_EV_Project/install/perception_msgs/share/perception_msgs/msg/ObjectDetections.msg
[2.694s] -- Installing: /home/abhiyaan-cu/Driverless_EV_Project/install/perception_msgs/share/ament_index/resource_index/package_run_dependencies/perception_msgs
[2.694s] -- Installing: /home/abhiyaan-cu/Driverless_EV_Project/install/perception_msgs/share/ament_index/resource_index/parent_prefix_path/perception_msgs
[2.694s] -- Installing: /home/abhiyaan-cu/Driverless_EV_Project/install/perception_msgs/share/perception_msgs/environment/ament_prefix_path.sh
[2.694s] -- Installing: /home/abhiyaan-cu/Driverless_EV_Project/install/perception_msgs/share/perception_msgs/environment/ament_prefix_path.dsv
[2.695s] -- Installing: /home/abhiyaan-cu/Driverless_EV_Project/install/perception_msgs/share/perception_msgs/environment/path.sh
[2.695s] -- Installing: /home/abhiyaan-cu/Driverless_EV_Project/install/perception_msgs/share/perception_msgs/environment/path.dsv
[2.695s] -- Installing: /home/abhiyaan-cu/Driverless_EV_Project/install/perception_msgs/share/perception_msgs/local_setup.bash
[2.695s] -- Installing: /home/abhiyaan-cu/Driverless_EV_Project/install/perception_msgs/share/perception_msgs/local_setup.sh
[2.695s] -- Installing: /home/abhiyaan-cu/Driverless_EV_Project/install/perception_msgs/share/perception_msgs/local_setup.zsh
[2.695s] -- Installing: /home/abhiyaan-cu/Driverless_EV_Project/install/perception_msgs/share/perception_msgs/local_setup.dsv
[2.695s] -- Installing: /home/abhiyaan-cu/Driverless_EV_Project/install/perception_msgs/share/perception_msgs/package.dsv
[2.695s] -- Installing: /home/abhiyaan-cu/Driverless_EV_Project/install/perception_msgs/share/ament_index/resource_index/packages/perception_msgs
[2.695s] -- Installing: /home/abhiyaan-cu/Driverless_EV_Project/install/perception_msgs/share/perception_msgs/cmake/export_perception_msgs__rosidl_generator_cExport.cmake
[2.695s] -- Installing: /home/abhiyaan-cu/Driverless_EV_Project/install/perception_msgs/share/perception_msgs/cmake/export_perception_msgs__rosidl_generator_cExport-noconfig.cmake
[2.695s] -- Installing: /home/abhiyaan-cu/Driverless_EV_Project/install/perception_msgs/share/perception_msgs/cmake/export_perception_msgs__rosidl_typesupport_fastrtps_cExport.cmake
[2.695s] -- Installing: /home/abhiyaan-cu/Driverless_EV_Project/install/perception_msgs/share/perception_msgs/cmake/export_perception_msgs__rosidl_typesupport_fastrtps_cExport-noconfig.cmake
[2.695s] -- Installing: /home/abhiyaan-cu/Driverless_EV_Project/install/perception_msgs/share/perception_msgs/cmake/export_perception_msgs__rosidl_generator_cppExport.cmake
[2.695s] -- Installing: /home/abhiyaan-cu/Driverless_EV_Project/install/perception_msgs/share/perception_msgs/cmake/export_perception_msgs__rosidl_typesupport_fastrtps_cppExport.cmake
[2.695s] -- Installing: /home/abhiyaan-cu/Driverless_EV_Project/install/perception_msgs/share/perception_msgs/cmake/export_perception_msgs__rosidl_typesupport_fastrtps_cppExport-noconfig.cmake
[2.695s] -- Installing: /home/abhiyaan-cu/Driverless_EV_Project/install/perception_msgs/share/perception_msgs/cmake/perception_msgs__rosidl_typesupport_introspection_cExport.cmake
[2.695s] -- Installing: /home/abhiyaan-cu/Driverless_EV_Project/install/perception_msgs/share/perception_msgs/cmake/perception_msgs__rosidl_typesupport_introspection_cExport-noconfig.cmake
[2.695s] -- Installing: /home/abhiyaan-cu/Driverless_EV_Project/install/perception_msgs/share/perception_msgs/cmake/perception_msgs__rosidl_typesupport_cExport.cmake
[2.695s] -- Installing: /home/abhiyaan-cu/Driverless_EV_Project/install/perception_msgs/share/perception_msgs/cmake/perception_msgs__rosidl_typesupport_cExport-noconfig.cmake
[2.695s] -- Installing: /home/abhiyaan-cu/Driverless_EV_Project/install/perception_msgs/share/perception_msgs/cmake/perception_msgs__rosidl_typesupport_introspection_cppExport.cmake
[2.695s] -- Installing: /home/abhiyaan-cu/Driverless_EV_Project/install/perception_msgs/share/perception_msgs/cmake/perception_msgs__rosidl_typesupport_introspection_cppExport-noconfig.cmake
[2.695s] -- Installing: /home/abhiyaan-cu/Driverless_EV_Project/install/perception_msgs/share/perception_msgs/cmake/perception_msgs__rosidl_typesupport_cppExport.cmake
[2.696s] -- Installing: /home/abhiyaan-cu/Driverless_EV_Project/install/perception_msgs/share/perception_msgs/cmake/perception_msgs__rosidl_typesupport_cppExport-noconfig.cmake
[2.696s] -- Installing: /home/abhiyaan-cu/Driverless_EV_Project/install/perception_msgs/share/perception_msgs/cmake/export_perception_msgs__rosidl_generator_pyExport.cmake
[2.696s] -- Installing: /home/abhiyaan-cu/Driverless_EV_Project/install/perception_msgs/share/perception_msgs/cmake/export_perception_msgs__rosidl_generator_pyExport-noconfig.cmake
[2.696s] -- Installing: /home/abhiyaan-cu/Driverless_EV_Project/install/perception_msgs/share/perception_msgs/cmake/rosidl_cmake-extras.cmake
[2.696s] -- Installing: /home/abhiyaan-cu/Driverless_EV_Project/install/perception_msgs/share/perception_msgs/cmake/ament_cmake_export_dependencies-extras.cmake
[2.696s] -- Installing: /home/abhiyaan-cu/Driverless_EV_Project/install/perception_msgs/share/perception_msgs/cmake/ament_cmake_export_include_directories-extras.cmake
[2.696s] -- Installing: /home/abhiyaan-cu/Driverless_EV_Project/install/perception_msgs/share/perception_msgs/cmake/ament_cmake_export_libraries-extras.cmake
[2.696s] -- Installing: /home/abhiyaan-cu/Driverless_EV_Project/install/perception_msgs/share/perception_msgs/cmake/ament_cmake_export_targets-extras.cmake
[2.696s] -- Installing: /home/abhiyaan-cu/Driverless_EV_Project/install/perception_msgs/share/perception_msgs/cmake/rosidl_cmake_export_typesupport_targets-extras.cmake
[2.696s] -- Installing: /home/abhiyaan-cu/Driverless_EV_Project/install/perception_msgs/share/perception_msgs/cmake/rosidl_cmake_export_typesupport_libraries-extras.cmake
[2.696s] -- Installing: /home/abhiyaan-cu/Driverless_EV_Project/install/perception_msgs/share/perception_msgs/cmake/perception_msgsConfig.cmake
[2.696s] -- Installing: /home/abhiyaan-cu/Driverless_EV_Project/install/perception_msgs/share/perception_msgs/cmake/perception_msgsConfig-version.cmake
[2.696s] -- Installing: /home/abhiyaan-cu/Driverless_EV_Project/install/perception_msgs/share/perception_msgs/package.xml
[2.698s] Invoked command in '/home/abhiyaan-cu/Driverless_EV_Project/build/perception_msgs' returned '0': CMAKE_PREFIX_PATH=/opt/ros/humble /usr/bin/cmake --install /home/abhiyaan-cu/Driverless_EV_Project/build/perception_msgs
