Built target ament_cmake_python_copy_sensor_fusion
running egg_info
writing sensor_fusion.egg-info/PKG-INFO
writing dependency_links to sensor_fusion.egg-info/dependency_links.txt
writing top-level names to sensor_fusion.egg-info/top_level.txt
reading manifest file 'sensor_fusion.egg-info/SOURCES.txt'
writing manifest file 'sensor_fusion.egg-info/SOURCES.txt'
Built target ament_cmake_python_build_sensor_fusion_egg
-- Install configuration: ""
-- Up-to-date: /home/abhiyaan-cu/Driverless_EV_Project/install/sensor_fusion/share/sensor_fusion/environment/pythonpath.sh
-- Up-to-date: /home/abhiyaan-cu/Driverless_EV_Project/install/sensor_fusion/share/sensor_fusion/environment/pythonpath.dsv
-- Up-to-date: /home/abhiyaan-cu/Driverless_EV_Project/install/sensor_fusion/local/lib/python3.10/dist-packages/sensor_fusion-0.0.1-py3.10.egg-info
-- Installing: /home/abhiyaan-cu/Driverless_EV_Project/install/sensor_fusion/local/lib/python3.10/dist-packages/sensor_fusion-0.0.1-py3.10.egg-info/PKG-INFO
-- Installing: /home/abhiyaan-cu/Driverless_EV_Project/install/sensor_fusion/local/lib/python3.10/dist-packages/sensor_fusion-0.0.1-py3.10.egg-info/dependency_links.txt
-- Installing: /home/abhiyaan-cu/Driverless_EV_Project/install/sensor_fusion/local/lib/python3.10/dist-packages/sensor_fusion-0.0.1-py3.10.egg-info/top_level.txt
-- Installing: /home/abhiyaan-cu/Driverless_EV_Project/install/sensor_fusion/local/lib/python3.10/dist-packages/sensor_fusion-0.0.1-py3.10.egg-info/SOURCES.txt
-- Up-to-date: /home/abhiyaan-cu/Driverless_EV_Project/install/sensor_fusion/local/lib/python3.10/dist-packages/sensor_fusion
-- Installing: /home/abhiyaan-cu/Driverless_EV_Project/install/sensor_fusion/local/lib/python3.10/dist-packages/sensor_fusion/fusion_node.py
-- Up-to-date: /home/abhiyaan-cu/Driverless_EV_Project/install/sensor_fusion/local/lib/python3.10/dist-packages/sensor_fusion/__init__.py
-- Up-to-date: /home/abhiyaan-cu/Driverless_EV_Project/install/sensor_fusion/local/lib/python3.10/dist-packages/sensor_fusion/yolo_detector.py
Listing '/home/abhiyaan-cu/Driverless_EV_Project/install/sensor_fusion/local/lib/python3.10/dist-packages/sensor_fusion'...
Compiling '/home/abhiyaan-cu/Driverless_EV_Project/install/sensor_fusion/local/lib/python3.10/dist-packages/sensor_fusion/fusion_node.py'...
-- Installing: /home/abhiyaan-cu/Driverless_EV_Project/install/sensor_fusion/lib/sensor_fusion/fusion_node.py
-- Up-to-date: /home/abhiyaan-cu/Driverless_EV_Project/install/sensor_fusion/lib/sensor_fusion/yolo_detector.py
-- Up-to-date: /home/abhiyaan-cu/Driverless_EV_Project/install/sensor_fusion/share/ament_index/resource_index/package_run_dependencies/sensor_fusion
-- Up-to-date: /home/abhiyaan-cu/Driverless_EV_Project/install/sensor_fusion/share/ament_index/resource_index/parent_prefix_path/sensor_fusion
-- Up-to-date: /home/abhiyaan-cu/Driverless_EV_Project/install/sensor_fusion/share/sensor_fusion/environment/ament_prefix_path.sh
-- Up-to-date: /home/abhiyaan-cu/Driverless_EV_Project/install/sensor_fusion/share/sensor_fusion/environment/ament_prefix_path.dsv
-- Up-to-date: /home/abhiyaan-cu/Driverless_EV_Project/install/sensor_fusion/share/sensor_fusion/environment/path.sh
-- Up-to-date: /home/abhiyaan-cu/Driverless_EV_Project/install/sensor_fusion/share/sensor_fusion/environment/path.dsv
-- Up-to-date: /home/abhiyaan-cu/Driverless_EV_Project/install/sensor_fusion/share/sensor_fusion/local_setup.bash
-- Up-to-date: /home/abhiyaan-cu/Driverless_EV_Project/install/sensor_fusion/share/sensor_fusion/local_setup.sh
-- Up-to-date: /home/abhiyaan-cu/Driverless_EV_Project/install/sensor_fusion/share/sensor_fusion/local_setup.zsh
-- Up-to-date: /home/abhiyaan-cu/Driverless_EV_Project/install/sensor_fusion/share/sensor_fusion/local_setup.dsv
-- Installing: /home/abhiyaan-cu/Driverless_EV_Project/install/sensor_fusion/share/sensor_fusion/package.dsv
-- Up-to-date: /home/abhiyaan-cu/Driverless_EV_Project/install/sensor_fusion/share/ament_index/resource_index/packages/sensor_fusion
-- Up-to-date: /home/abhiyaan-cu/Driverless_EV_Project/install/sensor_fusion/share/sensor_fusion/cmake/ament_cmake_export_dependencies-extras.cmake
-- Up-to-date: /home/abhiyaan-cu/Driverless_EV_Project/install/sensor_fusion/share/sensor_fusion/cmake/sensor_fusionConfig.cmake
-- Up-to-date: /home/abhiyaan-cu/Driverless_EV_Project/install/sensor_fusion/share/sensor_fusion/cmake/sensor_fusionConfig-version.cmake
-- Up-to-date: /home/abhiyaan-cu/Driverless_EV_Project/install/sensor_fusion/share/sensor_fusion/package.xml
